2018-04-30 09:55:48.329  INFO 15376 --- [main] org.springframework.context.annotation.AnnotationConfigApplicationContext : Refreshing org.springframework.context.annotation.AnnotationConfigApplicationContext@65f8f5ae: startup date [Mon Apr 30 09:55:48 CST 2018]; root of context hierarchy
2018-04-30 09:55:48.598  INFO 15376 --- [main] org.springframework.beans.factory.annotation.AutowiredAnnotationBeanPostProcessor : JSR-330 'javax.inject.Inject' annotation found and supported for autowiring
2018-04-30 09:55:48.627  INFO 15376 --- [main] org.springframework.context.support.PostProcessorRegistrationDelegate$BeanPostProcessorChecker : Bean 'configurationPropertiesRebinderAutoConfiguration' of type [org.springframework.cloud.autoconfigure.ConfigurationPropertiesRebinderAutoConfiguration$$EnhancerBySpringCGLIB$$ba8506b9] is not eligible for getting processed by all BeanPostProcessors (for example: not eligible for auto-proxying)
2018-04-30 09:55:49.005  INFO 15376 --- [main] org.springframework.cloud.netflix.eureka.InstanceInfoFactory : Setting initial instance status as: STARTING
2018-04-30 09:55:49.073  INFO 15376 --- [main] com.netflix.discovery.DiscoveryClient : Initializing Eureka in region us-east-1
2018-04-30 09:55:49.198  INFO 15376 --- [main] com.netflix.discovery.provider.DiscoveryJerseyProvider : Using JSON encoding codec LegacyJacksonJson
2018-04-30 09:55:49.199  INFO 15376 --- [main] com.netflix.discovery.provider.DiscoveryJerseyProvider : Using JSON decoding codec LegacyJacksonJson
2018-04-30 09:55:49.274  INFO 15376 --- [main] com.netflix.discovery.provider.DiscoveryJerseyProvider : Using XML encoding codec XStreamXml
2018-04-30 09:55:49.275  INFO 15376 --- [main] com.netflix.discovery.provider.DiscoveryJerseyProvider : Using XML decoding codec XStreamXml
2018-04-30 09:55:49.405  INFO 15376 --- [main] com.netflix.discovery.shared.resolver.aws.ConfigClusterResolver : Resolving eureka endpoints via configuration
2018-04-30 09:55:49.502  INFO 15376 --- [main] com.netflix.discovery.DiscoveryClient : Disable delta property : false
2018-04-30 09:55:49.502  INFO 15376 --- [main] com.netflix.discovery.DiscoveryClient : Single vip registry refresh property : null
2018-04-30 09:55:49.503  INFO 15376 --- [main] com.netflix.discovery.DiscoveryClient : Force full registry fetch : false
2018-04-30 09:55:49.503  INFO 15376 --- [main] com.netflix.discovery.DiscoveryClient : Application is null : false
2018-04-30 09:55:49.503  INFO 15376 --- [main] com.netflix.discovery.DiscoveryClient : Registered Applications size is zero : true
2018-04-30 09:55:49.504  INFO 15376 --- [main] com.netflix.discovery.DiscoveryClient : Application version is -1: true
2018-04-30 09:55:49.504  INFO 15376 --- [main] com.netflix.discovery.DiscoveryClient : Getting all instance registry info from the eureka server
2018-04-30 09:55:49.611  INFO 15376 --- [main] com.netflix.discovery.DiscoveryClient : The response status is 200
2018-04-30 09:55:49.612  INFO 15376 --- [main] com.netflix.discovery.DiscoveryClient : Not registering with Eureka server per configuration
2018-04-30 09:55:49.614  INFO 15376 --- [main] com.netflix.discovery.DiscoveryClient : Discovery Client initialized at timestamp 1525053349614 with initial instances count: 1
2018-04-30 09:55:49.993  INFO 15376 --- [main] org.springframework.cloud.config.client.ConfigServicePropertySourceLocator : Fetching config from server at: http://admin:50111/
2018-04-30 09:55:50.367  INFO 15376 --- [main] org.springframework.cloud.config.client.ConfigServicePropertySourceLocator : Located environment: name=config, profiles=[default], label=null, version=null, state=null
2018-04-30 09:55:50.367  INFO 15376 --- [main] org.springframework.cloud.bootstrap.config.PropertySourceBootstrapConfiguration : Located property source: CompositePropertySource [name='configService', propertySources=[]]
2018-04-30 09:55:50.370  INFO 15376 --- [main] com.yqjr.fin.scfw.zuul.Application : No active profile set, falling back to default profiles: default
2018-04-30 09:55:50.387  INFO 15376 --- [main] org.springframework.boot.context.embedded.AnnotationConfigEmbeddedWebApplicationContext : Refreshing org.springframework.boot.context.embedded.AnnotationConfigEmbeddedWebApplicationContext@e784320: startup date [Mon Apr 30 09:55:50 CST 2018]; parent: org.springframework.context.annotation.AnnotationConfigApplicationContext@65f8f5ae
2018-04-30 09:55:51.217  INFO 15376 --- [main] org.springframework.data.repository.config.RepositoryConfigurationDelegate : Multiple Spring Data modules found, entering strict repository configuration mode!
2018-04-30 09:55:51.341  INFO 15376 --- [main] org.springframework.beans.factory.support.DefaultListableBeanFactory : Overriding bean definition for bean 'counterFactory' with a different definition: replacing [Root bean: class [null]; scope=; abstract=false; lazyInit=false; autowireMode=3; dependencyCheck=0; autowireCandidate=true; primary=false; factoryBeanName=org.springframework.cloud.netflix.zuul.ZuulServerAutoConfiguration$ZuulMetricsConfiguration; factoryMethodName=counterFactory; initMethodName=null; destroyMethodName=(inferred); defined in class path resource [org/springframework/cloud/netflix/zuul/ZuulServerAutoConfiguration$ZuulMetricsConfiguration.class]] with [Root bean: class [null]; scope=; abstract=false; lazyInit=false; autowireMode=3; dependencyCheck=0; autowireCandidate=true; primary=false; factoryBeanName=org.springframework.cloud.netflix.zuul.ZuulServerAutoConfiguration$ZuulCounterFactoryConfiguration; factoryMethodName=counterFactory; initMethodName=null; destroyMethodName=(inferred); defined in class path resource [org/springframework/cloud/netflix/zuul/ZuulServerAutoConfiguration$ZuulCounterFactoryConfiguration.class]]
2018-04-30 09:55:51.461  INFO 15376 --- [main] org.springframework.cloud.context.scope.GenericScope : BeanFactory id=4cbf1fb9-21bb-3e5f-9ede-b3416d612c4b
2018-04-30 09:55:51.473  INFO 15376 --- [main] org.springframework.beans.factory.annotation.AutowiredAnnotationBeanPostProcessor : JSR-330 'javax.inject.Inject' annotation found and supported for autowiring
2018-04-30 09:55:51.574  INFO 15376 --- [main] org.springframework.context.support.PostProcessorRegistrationDelegate$BeanPostProcessorChecker : Bean 'org.springframework.cloud.netflix.metrics.MetricsInterceptorConfiguration$MetricsRestTemplateConfiguration' of type [org.springframework.cloud.netflix.metrics.MetricsInterceptorConfiguration$MetricsRestTemplateConfiguration$$EnhancerBySpringCGLIB$$d097a9fd] is not eligible for getting processed by all BeanPostProcessors (for example: not eligible for auto-proxying)
2018-04-30 09:55:51.672  INFO 15376 --- [main] org.springframework.context.support.PostProcessorRegistrationDelegate$BeanPostProcessorChecker : Bean 'org.springframework.cloud.autoconfigure.ConfigurationPropertiesRebinderAutoConfiguration' of type [org.springframework.cloud.autoconfigure.ConfigurationPropertiesRebinderAutoConfiguration$$EnhancerBySpringCGLIB$$ba8506b9] is not eligible for getting processed by all BeanPostProcessors (for example: not eligible for auto-proxying)
2018-04-30 09:55:51.904  INFO 15376 --- [main] org.springframework.boot.context.embedded.tomcat.TomcatEmbeddedServletContainer : Tomcat initialized with port(s): 50001 (http)
2018-04-30 09:55:51.912  INFO 15376 --- [main] org.apache.catalina.core.StandardService : Starting service [Tomcat]
2018-04-30 09:55:51.913  INFO 15376 --- [main] org.apache.catalina.core.StandardEngine : Starting Servlet Engine: Apache Tomcat/8.5.23
2018-04-30 09:55:52.016  INFO 15376 --- [localhost-startStop-1] org.apache.catalina.core.ContainerBase.[Tomcat].[localhost].[/] : Initializing Spring embedded WebApplicationContext
2018-04-30 09:55:52.016  INFO 15376 --- [localhost-startStop-1] org.springframework.web.context.ContextLoader : Root WebApplicationContext: initialization completed in 1629 ms
2018-04-30 09:55:52.695  INFO 15376 --- [localhost-startStop-1] org.springframework.boot.web.servlet.ServletRegistrationBean : Mapping servlet: 'dispatcherServlet' to [/]
2018-04-30 09:55:52.697  INFO 15376 --- [localhost-startStop-1] org.springframework.boot.web.servlet.ServletRegistrationBean : Mapping servlet: 'zuulServlet' to [/zuul/*]
2018-04-30 09:55:52.700  INFO 15376 --- [localhost-startStop-1] org.springframework.boot.web.servlet.FilterRegistrationBean : Mapping filter: 'metricsFilter' to: [/*]
2018-04-30 09:55:52.700  INFO 15376 --- [localhost-startStop-1] org.springframework.boot.web.servlet.FilterRegistrationBean : Mapping filter: 'characterEncodingFilter' to: [/*]
2018-04-30 09:55:52.701  INFO 15376 --- [localhost-startStop-1] org.springframework.boot.web.servlet.FilterRegistrationBean : Mapping filter: 'hiddenHttpMethodFilter' to: [/*]
2018-04-30 09:55:52.701  INFO 15376 --- [localhost-startStop-1] org.springframework.boot.web.servlet.FilterRegistrationBean : Mapping filter: 'httpPutFormContentFilter' to: [/*]
2018-04-30 09:55:52.701  INFO 15376 --- [localhost-startStop-1] org.springframework.boot.web.servlet.FilterRegistrationBean : Mapping filter: 'requestContextFilter' to: [/*]
2018-04-30 09:55:52.701  INFO 15376 --- [localhost-startStop-1] org.springframework.boot.web.servlet.FilterRegistrationBean : Mapping filter: 'webRequestLoggingFilter' to: [/*]
2018-04-30 09:55:52.702  INFO 15376 --- [localhost-startStop-1] org.springframework.boot.web.servlet.FilterRegistrationBean : Mapping filter: 'corsFilter' to: [/*]
2018-04-30 09:55:52.702  INFO 15376 --- [localhost-startStop-1] org.springframework.boot.web.servlet.FilterRegistrationBean : Mapping filter: 'applicationContextIdFilter' to: [/*]
2018-04-30 09:55:52.731  WARN 15376 --- [main] com.netflix.config.sources.URLConfigurationSource : No URLs will be polled as dynamic configuration sources.
2018-04-30 09:55:52.731  INFO 15376 --- [main] com.netflix.config.sources.URLConfigurationSource : To enable URLs as dynamic configuration sources, define System property archaius.configurationSource.additionalUrls or make config.properties available on classpath.
2018-04-30 09:55:52.733  INFO 15376 --- [main] com.netflix.config.DynamicPropertyFactory : DynamicPropertyFactory is initialized with configuration sources: com.netflix.config.ConcurrentCompositeConfiguration@71fb8301
2018-04-30 09:56:02.852  INFO 15376 --- [main] org.springframework.scheduling.concurrent.ThreadPoolTaskExecutor : Initializing ExecutorService 
2018-04-30 09:56:03.124  WARN 15376 --- [main] com.netflix.config.sources.URLConfigurationSource : No URLs will be polled as dynamic configuration sources.
2018-04-30 09:56:03.124  INFO 15376 --- [main] com.netflix.config.sources.URLConfigurationSource : To enable URLs as dynamic configuration sources, define System property archaius.configurationSource.additionalUrls or make config.properties available on classpath.
2018-04-30 09:56:03.287  INFO 15376 --- [main] org.apache.catalina.core.ContainerBase.[Tomcat].[localhost].[/] : jolokia: No access restrictor found, access to any MBean is allowed
2018-04-30 09:56:03.513  INFO 15376 --- [main] org.springframework.web.servlet.mvc.method.annotation.RequestMappingHandlerAdapter : Looking for @ControllerAdvice: org.springframework.boot.context.embedded.AnnotationConfigEmbeddedWebApplicationContext@e784320: startup date [Mon Apr 30 09:55:50 CST 2018]; parent: org.springframework.context.annotation.AnnotationConfigApplicationContext@65f8f5ae
2018-04-30 09:56:03.567  INFO 15376 --- [main] org.springframework.web.servlet.mvc.method.annotation.RequestMappingHandlerMapping : Mapped "{[/error]}" onto public org.springframework.http.ResponseEntity<java.util.Map<java.lang.String, java.lang.Object>> org.springframework.boot.autoconfigure.web.BasicErrorController.error(javax.servlet.http.HttpServletRequest)
2018-04-30 09:56:03.568  INFO 15376 --- [main] org.springframework.web.servlet.mvc.method.annotation.RequestMappingHandlerMapping : Mapped "{[/error],produces=[text/html]}" onto public org.springframework.web.servlet.ModelAndView org.springframework.boot.autoconfigure.web.BasicErrorController.errorHtml(javax.servlet.http.HttpServletRequest,javax.servlet.http.HttpServletResponse)
2018-04-30 09:56:03.600  INFO 15376 --- [main] org.springframework.web.servlet.handler.SimpleUrlHandlerMapping : Mapped URL path [/webjars/**] onto handler of type [class org.springframework.web.servlet.resource.ResourceHttpRequestHandler]
2018-04-30 09:56:03.600  INFO 15376 --- [main] org.springframework.web.servlet.handler.SimpleUrlHandlerMapping : Mapped URL path [/**] onto handler of type [class org.springframework.web.servlet.resource.ResourceHttpRequestHandler]
2018-04-30 09:56:03.637  INFO 15376 --- [main] org.springframework.web.servlet.handler.SimpleUrlHandlerMapping : Mapped URL path [/**/favicon.ico] onto handler of type [class org.springframework.web.servlet.resource.ResourceHttpRequestHandler]
2018-04-30 09:56:04.435  INFO 15376 --- [main] org.springframework.boot.actuate.endpoint.mvc.EndpointHandlerMapping : Mapped "{[/shutdown || /shutdown.json],methods=[POST],produces=[application/vnd.spring-boot.actuator.v1+json || application/json]}" onto public java.lang.Object org.springframework.boot.actuate.endpoint.mvc.ShutdownMvcEndpoint.invoke()
2018-04-30 09:56:04.436  INFO 15376 --- [main] org.springframework.boot.actuate.endpoint.mvc.EndpointHandlerMapping : Mapped "{[/info || /info.json],methods=[GET],produces=[application/vnd.spring-boot.actuator.v1+json || application/json]}" onto public java.lang.Object org.springframework.boot.actuate.endpoint.mvc.EndpointMvcAdapter.invoke()
2018-04-30 09:56:04.436  INFO 15376 --- [main] org.springframework.boot.actuate.endpoint.mvc.EndpointHandlerMapping : Mapped "{[/service-registry/instance-status],methods=[POST]}" onto public org.springframework.http.ResponseEntity<?> org.springframework.cloud.client.serviceregistry.endpoint.ServiceRegistryEndpoint.setStatus(java.lang.String)
2018-04-30 09:56:04.436  INFO 15376 --- [main] org.springframework.boot.actuate.endpoint.mvc.EndpointHandlerMapping : Mapped "{[/service-registry/instance-status],methods=[GET]}" onto public org.springframework.http.ResponseEntity org.springframework.cloud.client.serviceregistry.endpoint.ServiceRegistryEndpoint.getStatus()
2018-04-30 09:56:04.437  INFO 15376 --- [main] org.springframework.boot.actuate.endpoint.mvc.EndpointHandlerMapping : Mapped "{[/dump || /dump.json],methods=[GET],produces=[application/vnd.spring-boot.actuator.v1+json || application/json]}" onto public java.lang.Object org.springframework.boot.actuate.endpoint.mvc.EndpointMvcAdapter.invoke()
2018-04-30 09:56:04.438  INFO 15376 --- [main] org.springframework.boot.actuate.endpoint.mvc.EndpointHandlerMapping : Mapped "{[/filters || /filters.json],methods=[GET],produces=[application/vnd.spring-boot.actuator.v1+json || application/json]}" onto public java.lang.Object org.springframework.boot.actuate.endpoint.mvc.EndpointMvcAdapter.invoke()
2018-04-30 09:56:04.438  INFO 15376 --- [main] org.springframework.boot.actuate.endpoint.mvc.EndpointHandlerMapping : Mapped "{[/refresh || /refresh.json],methods=[POST]}" onto public java.lang.Object org.springframework.cloud.endpoint.GenericPostableMvcEndpoint.invoke()
2018-04-30 09:56:04.439  INFO 15376 --- [main] org.springframework.boot.actuate.endpoint.mvc.EndpointHandlerMapping : Mapped "{[/beans || /beans.json],methods=[GET],produces=[application/vnd.spring-boot.actuator.v1+json || application/json]}" onto public java.lang.Object org.springframework.boot.actuate.endpoint.mvc.EndpointMvcAdapter.invoke()
2018-04-30 09:56:04.439  INFO 15376 --- [main] org.springframework.boot.actuate.endpoint.mvc.EndpointHandlerMapping : Mapped "{[/health || /health.json],methods=[GET],produces=[application/vnd.spring-boot.actuator.v1+json || application/json]}" onto public java.lang.Object org.springframework.boot.actuate.endpoint.mvc.HealthMvcEndpoint.invoke(javax.servlet.http.HttpServletRequest,java.security.Principal)
2018-04-30 09:56:04.441  INFO 15376 --- [main] org.springframework.boot.actuate.endpoint.mvc.EndpointHandlerMapping : Mapped "{[/metrics/{name:.*}],methods=[GET],produces=[application/vnd.spring-boot.actuator.v1+json || application/json]}" onto public java.lang.Object org.springframework.boot.actuate.endpoint.mvc.MetricsMvcEndpoint.value(java.lang.String)
2018-04-30 09:56:04.442  INFO 15376 --- [main] org.springframework.boot.actuate.endpoint.mvc.EndpointHandlerMapping : Mapped "{[/metrics || /metrics.json],methods=[GET],produces=[application/vnd.spring-boot.actuator.v1+json || application/json]}" onto public java.lang.Object org.springframework.boot.actuate.endpoint.mvc.EndpointMvcAdapter.invoke()
2018-04-30 09:56:04.442  INFO 15376 --- [main] org.springframework.boot.actuate.endpoint.mvc.EndpointHandlerMapping : Mapped "{[/trace || /trace.json],methods=[GET],produces=[application/vnd.spring-boot.actuator.v1+json || application/json]}" onto public java.lang.Object org.springframework.boot.actuate.endpoint.mvc.EndpointMvcAdapter.invoke()
2018-04-30 09:56:04.443  INFO 15376 --- [main] org.springframework.boot.actuate.endpoint.mvc.EndpointHandlerMapping : Mapped "{[/env/{name:.*}],methods=[GET],produces=[application/vnd.spring-boot.actuator.v1+json || application/json]}" onto public java.lang.Object org.springframework.boot.actuate.endpoint.mvc.EnvironmentMvcEndpoint.value(java.lang.String)
2018-04-30 09:56:04.443  INFO 15376 --- [main] org.springframework.boot.actuate.endpoint.mvc.EndpointHandlerMapping : Mapped "{[/env || /env.json],methods=[GET],produces=[application/vnd.spring-boot.actuator.v1+json || application/json]}" onto public java.lang.Object org.springframework.boot.actuate.endpoint.mvc.EndpointMvcAdapter.invoke()
2018-04-30 09:56:04.444  INFO 15376 --- [main] org.springframework.boot.actuate.endpoint.mvc.EndpointHandlerMapping : Mapped "{[/mappings || /mappings.json],methods=[GET],produces=[application/vnd.spring-boot.actuator.v1+json || application/json]}" onto public java.lang.Object org.springframework.boot.actuate.endpoint.mvc.EndpointMvcAdapter.invoke()
2018-04-30 09:56:04.444  INFO 15376 --- [main] org.springframework.boot.actuate.endpoint.mvc.EndpointHandlerMapping : Mapped "{[/heapdump || /heapdump.json],methods=[GET],produces=[application/octet-stream]}" onto public void org.springframework.boot.actuate.endpoint.mvc.HeapdumpMvcEndpoint.invoke(boolean,javax.servlet.http.HttpServletRequest,javax.servlet.http.HttpServletResponse) throws java.io.IOException,javax.servlet.ServletException
2018-04-30 09:56:04.446  INFO 15376 --- [main] org.springframework.boot.actuate.endpoint.mvc.EndpointHandlerMapping : Mapped "{[/routes || /routes.json],methods=[POST]}" onto public java.lang.Object org.springframework.cloud.netflix.zuul.RoutesMvcEndpoint.reset()
2018-04-30 09:56:04.446  INFO 15376 --- [main] org.springframework.boot.actuate.endpoint.mvc.EndpointHandlerMapping : Mapped "{[/routes || /routes.json],methods=[GET],params=[format],produces=[application/vnd.spring-boot.actuator.v1+json || application/json]}" onto public java.lang.Object org.springframework.cloud.netflix.zuul.RoutesMvcEndpoint.invokeRouteDetails(java.lang.String)
2018-04-30 09:56:04.446  INFO 15376 --- [main] org.springframework.boot.actuate.endpoint.mvc.EndpointHandlerMapping : Mapped "{[/routes || /routes.json],methods=[GET],produces=[application/vnd.spring-boot.actuator.v1+json || application/json]}" onto public java.lang.Object org.springframework.boot.actuate.endpoint.mvc.EndpointMvcAdapter.invoke()
2018-04-30 09:56:04.447  INFO 15376 --- [main] org.springframework.boot.actuate.endpoint.mvc.EndpointHandlerMapping : Mapped "{[/auditevents || /auditevents.json],methods=[GET],produces=[application/vnd.spring-boot.actuator.v1+json || application/json]}" onto public org.springframework.http.ResponseEntity<?> org.springframework.boot.actuate.endpoint.mvc.AuditEventsMvcEndpoint.findByPrincipalAndAfterAndType(java.lang.String,java.util.Date,java.lang.String)
2018-04-30 09:56:04.448  INFO 15376 --- [main] org.springframework.boot.actuate.endpoint.mvc.EndpointHandlerMapping : Mapped "{[/features || /features.json],methods=[GET],produces=[application/vnd.spring-boot.actuator.v1+json || application/json]}" onto public java.lang.Object org.springframework.boot.actuate.endpoint.mvc.EndpointMvcAdapter.invoke()
2018-04-30 09:56:04.448  INFO 15376 --- [main] org.springframework.boot.actuate.endpoint.mvc.EndpointHandlerMapping : Mapped "{[/configprops || /configprops.json],methods=[GET],produces=[application/vnd.spring-boot.actuator.v1+json || application/json]}" onto public java.lang.Object org.springframework.boot.actuate.endpoint.mvc.EndpointMvcAdapter.invoke()
2018-04-30 09:56:04.449  INFO 15376 --- [main] org.springframework.boot.actuate.endpoint.mvc.EndpointHandlerMapping : Mapped "{[/loggers/{name:.*}],methods=[GET],produces=[application/vnd.spring-boot.actuator.v1+json || application/json]}" onto public java.lang.Object org.springframework.boot.actuate.endpoint.mvc.LoggersMvcEndpoint.get(java.lang.String)
2018-04-30 09:56:04.450  INFO 15376 --- [main] org.springframework.boot.actuate.endpoint.mvc.EndpointHandlerMapping : Mapped "{[/loggers/{name:.*}],methods=[POST],consumes=[application/vnd.spring-boot.actuator.v1+json || application/json],produces=[application/vnd.spring-boot.actuator.v1+json || application/json]}" onto public java.lang.Object org.springframework.boot.actuate.endpoint.mvc.LoggersMvcEndpoint.set(java.lang.String,java.util.Map<java.lang.String, java.lang.String>)
2018-04-30 09:56:04.450  INFO 15376 --- [main] org.springframework.boot.actuate.endpoint.mvc.EndpointHandlerMapping : Mapped "{[/loggers || /loggers.json],methods=[GET],produces=[application/vnd.spring-boot.actuator.v1+json || application/json]}" onto public java.lang.Object org.springframework.boot.actuate.endpoint.mvc.EndpointMvcAdapter.invoke()
2018-04-30 09:56:04.451  INFO 15376 --- [main] org.springframework.boot.actuate.endpoint.mvc.EndpointHandlerMapping : Mapped "{[/archaius || /archaius.json],methods=[GET],produces=[application/vnd.spring-boot.actuator.v1+json || application/json]}" onto public java.lang.Object org.springframework.boot.actuate.endpoint.mvc.EndpointMvcAdapter.invoke()
2018-04-30 09:56:04.451  INFO 15376 --- [main] org.springframework.boot.actuate.endpoint.mvc.EndpointHandlerMapping : Mapped "{[/autoconfig || /autoconfig.json],methods=[GET],produces=[application/vnd.spring-boot.actuator.v1+json || application/json]}" onto public java.lang.Object org.springframework.boot.actuate.endpoint.mvc.EndpointMvcAdapter.invoke()
2018-04-30 09:56:04.452  INFO 15376 --- [main] org.springframework.boot.actuate.endpoint.mvc.EndpointHandlerMapping : Mapped "{[/jolokia/**]}" onto public org.springframework.web.servlet.ModelAndView org.springframework.boot.actuate.endpoint.mvc.JolokiaMvcEndpoint.handle(javax.servlet.http.HttpServletRequest,javax.servlet.http.HttpServletResponse) throws java.lang.Exception
2018-04-30 09:56:04.452  INFO 15376 --- [main] org.springframework.boot.actuate.endpoint.mvc.EndpointHandlerMapping : Mapped "{[/hystrix.stream/**]}" onto public org.springframework.web.servlet.ModelAndView org.springframework.cloud.netflix.endpoint.ServletWrappingEndpoint.handle(javax.servlet.http.HttpServletRequest,javax.servlet.http.HttpServletResponse) throws java.lang.Exception
2018-04-30 09:56:04.452  INFO 15376 --- [main] org.springframework.boot.actuate.endpoint.mvc.EndpointHandlerMapping : Mapped "{[/env],methods=[POST]}" onto public java.lang.Object org.springframework.cloud.context.environment.EnvironmentManagerMvcEndpoint.value(java.util.Map<java.lang.String, java.lang.String>)
2018-04-30 09:56:04.452  INFO 15376 --- [main] org.springframework.boot.actuate.endpoint.mvc.EndpointHandlerMapping : Mapped "{[/env/reset],methods=[POST]}" onto public java.util.Map<java.lang.String, java.lang.Object> org.springframework.cloud.context.environment.EnvironmentManagerMvcEndpoint.reset()
2018-04-30 09:56:04.734  INFO 15376 --- [main] com.netflix.discovery.DiscoveryClient : Shutting down DiscoveryClient ...
2018-04-30 09:56:04.742  INFO 15376 --- [main] com.netflix.discovery.DiscoveryClient : Completed shut down of DiscoveryClient
2018-04-30 09:56:04.875  INFO 15376 --- [main] org.springframework.cloud.netflix.zuul.ZuulFilterInitializer : Starting filter initializer
2018-04-30 09:56:04.947  INFO 15376 --- [main] org.springframework.jmx.export.annotation.AnnotationMBeanExporter : Registering beans for JMX exposure on startup
2018-04-30 09:56:04.955  INFO 15376 --- [main] org.springframework.jmx.export.annotation.AnnotationMBeanExporter : Bean with name 'environmentManager' has been autodetected for JMX exposure
2018-04-30 09:56:04.958  INFO 15376 --- [main] org.springframework.jmx.export.annotation.AnnotationMBeanExporter : Bean with name 'configurationPropertiesRebinder' has been autodetected for JMX exposure
2018-04-30 09:56:04.960  INFO 15376 --- [main] org.springframework.jmx.export.annotation.AnnotationMBeanExporter : Bean with name 'refreshEndpoint' has been autodetected for JMX exposure
2018-04-30 09:56:04.960  INFO 15376 --- [main] org.springframework.jmx.export.annotation.AnnotationMBeanExporter : Bean with name 'serviceRegistryEndpoint' has been autodetected for JMX exposure
2018-04-30 09:56:04.961  INFO 15376 --- [main] org.springframework.jmx.export.annotation.AnnotationMBeanExporter : Bean with name 'routesEndpoint' has been autodetected for JMX exposure
2018-04-30 09:56:04.961  INFO 15376 --- [main] org.springframework.jmx.export.annotation.AnnotationMBeanExporter : Bean with name 'routesMvcEndpoint' has been autodetected for JMX exposure
2018-04-30 09:56:04.961  INFO 15376 --- [main] org.springframework.jmx.export.annotation.AnnotationMBeanExporter : Bean with name 'filtersEndpoint' has been autodetected for JMX exposure
2018-04-30 09:56:04.961  INFO 15376 --- [main] org.springframework.jmx.export.annotation.AnnotationMBeanExporter : Bean with name 'refreshScope' has been autodetected for JMX exposure
2018-04-30 09:56:04.964  INFO 15376 --- [main] org.springframework.jmx.export.annotation.AnnotationMBeanExporter : Located managed bean 'environmentManager': registering with JMX server as MBean [org.springframework.cloud.context.environment:name=environmentManager,type=EnvironmentManager]
2018-04-30 09:56:04.975  INFO 15376 --- [main] org.springframework.jmx.export.annotation.AnnotationMBeanExporter : Located managed bean 'routesEndpoint': registering with JMX server as MBean [org.springframework.cloud.netflix.zuul:name=routesEndpoint,type=RoutesEndpoint]
2018-04-30 09:56:04.977  WARN 15376 --- [main] org.springframework.jmx.export.annotation.AnnotationMBeanExporter : Bean with key 'routesEndpoint' has been registered as an MBean but has no exposed attributes or operations
2018-04-30 09:56:04.978  INFO 15376 --- [main] org.springframework.jmx.export.annotation.AnnotationMBeanExporter : Located managed bean 'routesMvcEndpoint': registering with JMX server as MBean [org.springframework.cloud.netflix.zuul:name=routesMvcEndpoint,type=RoutesMvcEndpoint]
2018-04-30 09:56:04.983  INFO 15376 --- [main] org.springframework.jmx.export.annotation.AnnotationMBeanExporter : Located managed bean 'serviceRegistryEndpoint': registering with JMX server as MBean [org.springframework.cloud.client.serviceregistry.endpoint:name=serviceRegistryEndpoint,type=ServiceRegistryEndpoint]
2018-04-30 09:56:04.987  INFO 15376 --- [main] org.springframework.jmx.export.annotation.AnnotationMBeanExporter : Located managed bean 'filtersEndpoint': registering with JMX server as MBean [org.springframework.cloud.netflix.zuul:name=filtersEndpoint,type=FiltersEndpoint]
2018-04-30 09:56:04.987  WARN 15376 --- [main] org.springframework.jmx.export.annotation.AnnotationMBeanExporter : Bean with key 'filtersEndpoint' has been registered as an MBean but has no exposed attributes or operations
2018-04-30 09:56:04.988  INFO 15376 --- [main] org.springframework.jmx.export.annotation.AnnotationMBeanExporter : Located managed bean 'refreshScope': registering with JMX server as MBean [org.springframework.cloud.context.scope.refresh:name=refreshScope,type=RefreshScope]
2018-04-30 09:56:04.998  INFO 15376 --- [main] org.springframework.jmx.export.annotation.AnnotationMBeanExporter : Located managed bean 'configurationPropertiesRebinder': registering with JMX server as MBean [org.springframework.cloud.context.properties:name=configurationPropertiesRebinder,context=e784320,type=ConfigurationPropertiesRebinder]
2018-04-30 09:56:05.001  INFO 15376 --- [main] org.springframework.jmx.export.annotation.AnnotationMBeanExporter : Located managed bean 'refreshEndpoint': registering with JMX server as MBean [org.springframework.cloud.endpoint:name=refreshEndpoint,type=RefreshEndpoint]
2018-04-30 09:56:05.531  INFO 15376 --- [main] org.apache.catalina.core.ContainerBase.[Tomcat].[localhost].[/] : jolokia: No access restrictor found, access to any MBean is allowed
2018-04-30 09:56:05.535  INFO 15376 --- [main] org.apache.catalina.core.ContainerBase.[Tomcat].[localhost].[/] : jolokia: jolokia:type=Config is already registered. Adding it with jolokia:type=Config,uuid=c1ffe64f-9614-44df-bbe5-a78d6605df3a, but you should revise your setup in order to either use a qualifier or ensure, that only a single agent gets registered (otherwise history functionality might not work)
2018-04-30 09:56:05.535  INFO 15376 --- [main] org.apache.catalina.core.ContainerBase.[Tomcat].[localhost].[/] : jolokia: Cannot register (legacy) MBean handler for config store with name jmx4perl:type=Config since it already exists. This is the case if another agent has been already started within the same JVM. The registration is skipped.
2018-04-30 09:56:05.535  INFO 15376 --- [main] org.apache.catalina.core.ContainerBase.[Tomcat].[localhost].[/] : jolokia: Jolokia Discovery MBean registration is skipped because there is already one registered.
2018-04-30 09:56:05.730  INFO 15376 --- [main] org.springframework.context.support.DefaultLifecycleProcessor : Starting beans in phase 0
2018-04-30 09:56:05.733  INFO 15376 --- [main] org.springframework.cloud.netflix.eureka.InstanceInfoFactory : Setting initial instance status as: STARTING
2018-04-30 09:56:05.736  INFO 15376 --- [main] com.netflix.discovery.DiscoveryClient : Initializing Eureka in region us-east-1
2018-04-30 09:56:05.738  INFO 15376 --- [main] com.netflix.discovery.provider.DiscoveryJerseyProvider : Using JSON encoding codec LegacyJacksonJson
2018-04-30 09:56:05.739  INFO 15376 --- [main] com.netflix.discovery.provider.DiscoveryJerseyProvider : Using JSON decoding codec LegacyJacksonJson
2018-04-30 09:56:05.739  INFO 15376 --- [main] com.netflix.discovery.provider.DiscoveryJerseyProvider : Using XML encoding codec XStreamXml
2018-04-30 09:56:05.739  INFO 15376 --- [main] com.netflix.discovery.provider.DiscoveryJerseyProvider : Using XML decoding codec XStreamXml
2018-04-30 09:56:05.783  INFO 15376 --- [main] com.netflix.discovery.shared.resolver.aws.ConfigClusterResolver : Resolving eureka endpoints via configuration
2018-04-30 09:56:05.784  INFO 15376 --- [main] com.netflix.discovery.DiscoveryClient : Disable delta property : false
2018-04-30 09:56:05.784  INFO 15376 --- [main] com.netflix.discovery.DiscoveryClient : Single vip registry refresh property : null
2018-04-30 09:56:05.784  INFO 15376 --- [main] com.netflix.discovery.DiscoveryClient : Force full registry fetch : false
2018-04-30 09:56:05.784  INFO 15376 --- [main] com.netflix.discovery.DiscoveryClient : Application is null : false
2018-04-30 09:56:05.784  INFO 15376 --- [main] com.netflix.discovery.DiscoveryClient : Registered Applications size is zero : true
2018-04-30 09:56:05.785  INFO 15376 --- [main] com.netflix.discovery.DiscoveryClient : Application version is -1: true
2018-04-30 09:56:05.785  INFO 15376 --- [main] com.netflix.discovery.DiscoveryClient : Getting all instance registry info from the eureka server
2018-04-30 09:56:05.788  INFO 15376 --- [main] com.netflix.discovery.DiscoveryClient : The response status is 200
2018-04-30 09:56:05.790  INFO 15376 --- [main] com.netflix.discovery.DiscoveryClient : Starting heartbeat executor: renew interval is: 5
2018-04-30 09:56:05.791  INFO 15376 --- [main] com.netflix.discovery.InstanceInfoReplicator : InstanceInfoReplicator onDemand update allowed rate per min is 4
2018-04-30 09:56:05.792  INFO 15376 --- [main] com.netflix.discovery.DiscoveryClient : Discovery Client initialized at timestamp 1525053365792 with initial instances count: 1
2018-04-30 09:56:05.795  INFO 15376 --- [main] org.springframework.cloud.netflix.eureka.serviceregistry.EurekaServiceRegistry : Registering application fin.scfw-zuul with eureka with status UP
2018-04-30 09:56:05.795  INFO 15376 --- [main] com.netflix.discovery.DiscoveryClient : Saw local status change event StatusChangeEvent [timestamp=1525053365795, current=UP, previous=STARTING]
2018-04-30 09:56:05.797  INFO 15376 --- [DiscoveryClient-InstanceInfoReplicator-0] com.netflix.discovery.DiscoveryClient : DiscoveryClient_FIN.SCFW-ZUUL/admin:fin.scfw-zuul:50001: registering service...
2018-04-30 09:56:05.823  INFO 15376 --- [DiscoveryClient-InstanceInfoReplicator-0] com.netflix.discovery.DiscoveryClient : DiscoveryClient_FIN.SCFW-ZUUL/admin:fin.scfw-zuul:50001 - registration status: 204
2018-04-30 09:56:05.837  INFO 15376 --- [main] org.springframework.context.support.DefaultLifecycleProcessor : Starting beans in phase 2147483647
2018-04-30 09:56:05.840  INFO 15376 --- [main] org.springframework.cloud.netflix.hystrix.HystrixCircuitBreakerConfiguration$HystrixMetricsPollerConfiguration : Starting poller
2018-04-30 09:56:05.888  INFO 15376 --- [main] org.springframework.boot.context.embedded.tomcat.TomcatEmbeddedServletContainer : Tomcat started on port(s): 50001 (http)
2018-04-30 09:56:05.889  INFO 15376 --- [main] org.springframework.cloud.netflix.eureka.serviceregistry.EurekaAutoServiceRegistration : Updating port to 50001
2018-04-30 09:56:05.892  INFO 15376 --- [main] com.yqjr.fin.scfw.zuul.Application : Started Application in 18.412 seconds (JVM running for 19.286)
2018-04-30 09:56:06.130  WARN 15376 --- [RMI TCP Connection(10)-127.0.0.1] org.springframework.boot.actuate.health.RedisHealthIndicator : Health check failed
org.springframework.data.redis.ClusterStateFailureException: Could not retrieve cluster information. CLUSTER NODES returned with error.
	at org.springframework.data.redis.connection.jedis.JedisClusterConnection$JedisClusterTopologyProvider.getTopology(JedisClusterConnection.java:4241)
	at org.springframework.data.redis.connection.ClusterCommandExecutor.getClusterTopology(ClusterCommandExecutor.java:349)
	at org.springframework.data.redis.connection.ClusterCommandExecutor.executeCommandOnArbitraryNode(ClusterCommandExecutor.java:115)
	at org.springframework.data.redis.connection.jedis.JedisClusterConnection.clusterGetClusterInfo(JedisClusterConnection.java:3940)
	at org.springframework.boot.actuate.health.RedisHealthIndicator.doHealthCheck(RedisHealthIndicator.java:56)
	at org.springframework.boot.actuate.health.AbstractHealthIndicator.health(AbstractHealthIndicator.java:43)
	at org.springframework.boot.actuate.health.CompositeHealthIndicator.health(CompositeHealthIndicator.java:68)
	at org.springframework.boot.actuate.endpoint.HealthEndpoint.invoke(HealthEndpoint.java:85)
	at org.springframework.boot.actuate.endpoint.HealthEndpoint.invoke(HealthEndpoint.java:35)
	at org.springframework.boot.actuate.endpoint.jmx.DataEndpointMBean.getData(DataEndpointMBean.java:46)
	at sun.reflect.NativeMethodAccessorImpl.invoke0(Native Method)
	at sun.reflect.NativeMethodAccessorImpl.invoke(NativeMethodAccessorImpl.java:62)
	at sun.reflect.DelegatingMethodAccessorImpl.invoke(DelegatingMethodAccessorImpl.java:43)
	at java.lang.reflect.Method.invoke(Method.java:497)
	at sun.reflect.misc.Trampoline.invoke(MethodUtil.java:71)
	at sun.reflect.GeneratedMethodAccessor117.invoke(Unknown Source)
	at sun.reflect.DelegatingMethodAccessorImpl.invoke(DelegatingMethodAccessorImpl.java:43)
	at java.lang.reflect.Method.invoke(Method.java:497)
	at sun.reflect.misc.MethodUtil.invoke(MethodUtil.java:275)
	at javax.management.modelmbean.RequiredModelMBean$4.run(RequiredModelMBean.java:1252)
	at java.security.AccessController.doPrivileged(Native Method)
	at java.security.ProtectionDomain$JavaSecurityAccessImpl.doIntersectionPrivilege(ProtectionDomain.java:76)
	at javax.management.modelmbean.RequiredModelMBean.invokeMethod(RequiredModelMBean.java:1246)
	at javax.management.modelmbean.RequiredModelMBean.invoke(RequiredModelMBean.java:1085)
	at org.springframework.jmx.export.SpringModelMBean.invoke(SpringModelMBean.java:90)
	at javax.management.modelmbean.RequiredModelMBean.getAttribute(RequiredModelMBean.java:1562)
	at org.springframework.jmx.export.SpringModelMBean.getAttribute(SpringModelMBean.java:109)
	at com.sun.jmx.interceptor.DefaultMBeanServerInterceptor.getAttribute(DefaultMBeanServerInterceptor.java:647)
	at com.sun.jmx.mbeanserver.JmxMBeanServer.getAttribute(JmxMBeanServer.java:678)
	at javax.management.remote.rmi.RMIConnectionImpl.doOperation(RMIConnectionImpl.java:1448)
	at javax.management.remote.rmi.RMIConnectionImpl.access$300(RMIConnectionImpl.java:76)
	at javax.management.remote.rmi.RMIConnectionImpl$PrivilegedOperation.run(RMIConnectionImpl.java:1312)
	at javax.management.remote.rmi.RMIConnectionImpl.doPrivilegedOperation(RMIConnectionImpl.java:1404)
	at javax.management.remote.rmi.RMIConnectionImpl.getAttribute(RMIConnectionImpl.java:641)
	at sun.reflect.GeneratedMethodAccessor70.invoke(Unknown Source)
	at sun.reflect.DelegatingMethodAccessorImpl.invoke(DelegatingMethodAccessorImpl.java:43)
	at java.lang.reflect.Method.invoke(Method.java:497)
	at sun.rmi.server.UnicastServerRef.dispatch(UnicastServerRef.java:323)
	at sun.rmi.transport.Transport$1.run(Transport.java:200)
	at sun.rmi.transport.Transport$1.run(Transport.java:197)
	at java.security.AccessController.doPrivileged(Native Method)
	at sun.rmi.transport.Transport.serviceCall(Transport.java:196)
	at sun.rmi.transport.tcp.TCPTransport.handleMessages(TCPTransport.java:568)
	at sun.rmi.transport.tcp.TCPTransport$ConnectionHandler.run0(TCPTransport.java:826)
	at sun.rmi.transport.tcp.TCPTransport$ConnectionHandler.lambda$run$256(TCPTransport.java:683)
	at java.security.AccessController.doPrivileged(Native Method)
	at sun.rmi.transport.tcp.TCPTransport$ConnectionHandler.run(TCPTransport.java:682)
	at java.util.concurrent.ThreadPoolExecutor.runWorker(ThreadPoolExecutor.java:1142)
	at java.util.concurrent.ThreadPoolExecutor$Worker.run(ThreadPoolExecutor.java:617)
	at java.lang.Thread.run(Thread.java:745)
2018-04-30 09:56:06.141  INFO 15376 --- [RMI TCP Connection(10)-127.0.0.1] org.springframework.cloud.config.client.ConfigServicePropertySourceLocator : Fetching config from server at: http://admin:50111/
2018-04-30 09:56:06.337  INFO 15376 --- [RMI TCP Connection(10)-127.0.0.1] org.springframework.cloud.config.client.ConfigServicePropertySourceLocator : Located environment: name=config, profiles=[default], label=null, version=null, state=null
