2018-04-30 09:55:33.270  INFO 13644 --- [main] org.springframework.context.annotation.AnnotationConfigApplicationContext : Refreshing org.springframework.context.annotation.AnnotationConfigApplicationContext@477b4cdf: startup date [Mon Apr 30 09:55:33 CST 2018]; root of context hierarchy
2018-04-30 09:55:33.431  INFO 13644 --- [main] org.springframework.beans.factory.annotation.AutowiredAnnotationBeanPostProcessor : JSR-330 'javax.inject.Inject' annotation found and supported for autowiring
2018-04-30 09:55:33.454  INFO 13644 --- [main] org.springframework.context.support.PostProcessorRegistrationDelegate$BeanPostProcessorChecker : Bean 'configurationPropertiesRebinderAutoConfiguration' of type [org.springframework.cloud.autoconfigure.ConfigurationPropertiesRebinderAutoConfiguration$$EnhancerBySpringCGLIB$$616b51b6] is not eligible for getting processed by all BeanPostProcessors (for example: not eligible for auto-proxying)
2018-04-30 09:55:33.898  INFO 13644 --- [main] com.yqjr.fin.scfw.config.Application : The following profiles are active: native
2018-04-30 09:55:33.908  INFO 13644 --- [main] org.springframework.boot.context.embedded.AnnotationConfigEmbeddedWebApplicationContext : Refreshing org.springframework.boot.context.embedded.AnnotationConfigEmbeddedWebApplicationContext@5c87bfe2: startup date [Mon Apr 30 09:55:33 CST 2018]; parent: org.springframework.context.annotation.AnnotationConfigApplicationContext@477b4cdf
2018-04-30 09:55:34.549  INFO 13644 --- [main] org.springframework.cloud.context.scope.GenericScope : BeanFactory id=bf35f657-d85f-35e0-844e-d4e31b17f7c8
2018-04-30 09:55:34.561  INFO 13644 --- [main] org.springframework.beans.factory.annotation.AutowiredAnnotationBeanPostProcessor : JSR-330 'javax.inject.Inject' annotation found and supported for autowiring
2018-04-30 09:55:34.596  INFO 13644 --- [main] org.springframework.context.support.PostProcessorRegistrationDelegate$BeanPostProcessorChecker : Bean 'org.springframework.cloud.netflix.metrics.MetricsInterceptorConfiguration$MetricsRestTemplateConfiguration' of type [org.springframework.cloud.netflix.metrics.MetricsInterceptorConfiguration$MetricsRestTemplateConfiguration$$EnhancerBySpringCGLIB$$777df4fa] is not eligible for getting processed by all BeanPostProcessors (for example: not eligible for auto-proxying)
2018-04-30 09:55:34.607  INFO 13644 --- [main] org.springframework.context.support.PostProcessorRegistrationDelegate$BeanPostProcessorChecker : Bean 'org.springframework.cloud.autoconfigure.ConfigurationPropertiesRebinderAutoConfiguration' of type [org.springframework.cloud.autoconfigure.ConfigurationPropertiesRebinderAutoConfiguration$$EnhancerBySpringCGLIB$$616b51b6] is not eligible for getting processed by all BeanPostProcessors (for example: not eligible for auto-proxying)
2018-04-30 09:55:34.806  INFO 13644 --- [main] org.springframework.boot.context.embedded.tomcat.TomcatEmbeddedServletContainer : Tomcat initialized with port(s): 50111 (http)
2018-04-30 09:55:34.815  INFO 13644 --- [main] org.apache.catalina.core.StandardService : Starting service [Tomcat]
2018-04-30 09:55:34.817  INFO 13644 --- [main] org.apache.catalina.core.StandardEngine : Starting Servlet Engine: Apache Tomcat/8.5.23
2018-04-30 09:55:34.927  INFO 13644 --- [localhost-startStop-1] org.apache.catalina.core.ContainerBase.[Tomcat].[localhost].[/] : Initializing Spring embedded WebApplicationContext
2018-04-30 09:55:34.927  INFO 13644 --- [localhost-startStop-1] org.springframework.web.context.ContextLoader : Root WebApplicationContext: initialization completed in 1019 ms
2018-04-30 09:55:35.099  INFO 13644 --- [localhost-startStop-1] org.springframework.boot.web.servlet.ServletRegistrationBean : Mapping servlet: 'dispatcherServlet' to [/]
2018-04-30 09:55:35.103  INFO 13644 --- [localhost-startStop-1] org.springframework.boot.web.servlet.FilterRegistrationBean : Mapping filter: 'metricsFilter' to: [/*]
2018-04-30 09:55:35.103  INFO 13644 --- [localhost-startStop-1] org.springframework.boot.web.servlet.FilterRegistrationBean : Mapping filter: 'characterEncodingFilter' to: [/*]
2018-04-30 09:55:35.103  INFO 13644 --- [localhost-startStop-1] org.springframework.boot.web.servlet.FilterRegistrationBean : Mapping filter: 'hiddenHttpMethodFilter' to: [/*]
2018-04-30 09:55:35.103  INFO 13644 --- [localhost-startStop-1] org.springframework.boot.web.servlet.FilterRegistrationBean : Mapping filter: 'httpPutFormContentFilter' to: [/*]
2018-04-30 09:55:35.104  INFO 13644 --- [localhost-startStop-1] org.springframework.boot.web.servlet.FilterRegistrationBean : Mapping filter: 'requestContextFilter' to: [/*]
2018-04-30 09:55:35.104  INFO 13644 --- [localhost-startStop-1] org.springframework.boot.web.servlet.FilterRegistrationBean : Mapping filter: 'webRequestLoggingFilter' to: [/*]
2018-04-30 09:55:35.104  INFO 13644 --- [localhost-startStop-1] org.springframework.boot.web.servlet.FilterRegistrationBean : Mapping filter: 'applicationContextIdFilter' to: [/*]
2018-04-30 09:55:35.234  WARN 13644 --- [main] com.netflix.config.sources.URLConfigurationSource : No URLs will be polled as dynamic configuration sources.
2018-04-30 09:55:35.235  INFO 13644 --- [main] com.netflix.config.sources.URLConfigurationSource : To enable URLs as dynamic configuration sources, define System property archaius.configurationSource.additionalUrls or make config.properties available on classpath.
2018-04-30 09:55:35.237  WARN 13644 --- [main] com.netflix.config.sources.URLConfigurationSource : No URLs will be polled as dynamic configuration sources.
2018-04-30 09:55:35.237  INFO 13644 --- [main] com.netflix.config.sources.URLConfigurationSource : To enable URLs as dynamic configuration sources, define System property archaius.configurationSource.additionalUrls or make config.properties available on classpath.
2018-04-30 09:55:35.408  INFO 13644 --- [main] org.apache.catalina.core.ContainerBase.[Tomcat].[localhost].[/] : jolokia: No access restrictor found, access to any MBean is allowed
2018-04-30 09:55:35.580  INFO 13644 --- [main] org.springframework.web.servlet.mvc.method.annotation.RequestMappingHandlerAdapter : Looking for @ControllerAdvice: org.springframework.boot.context.embedded.AnnotationConfigEmbeddedWebApplicationContext@5c87bfe2: startup date [Mon Apr 30 09:55:33 CST 2018]; parent: org.springframework.context.annotation.AnnotationConfigApplicationContext@477b4cdf
2018-04-30 09:55:35.651  INFO 13644 --- [main] org.springframework.web.servlet.mvc.method.annotation.RequestMappingHandlerMapping : Mapped "{[/error]}" onto public org.springframework.http.ResponseEntity<java.util.Map<java.lang.String, java.lang.Object>> org.springframework.boot.autoconfigure.web.BasicErrorController.error(javax.servlet.http.HttpServletRequest)
2018-04-30 09:55:35.651  INFO 13644 --- [main] org.springframework.web.servlet.mvc.method.annotation.RequestMappingHandlerMapping : Mapped "{[/error],produces=[text/html]}" onto public org.springframework.web.servlet.ModelAndView org.springframework.boot.autoconfigure.web.BasicErrorController.errorHtml(javax.servlet.http.HttpServletRequest,javax.servlet.http.HttpServletResponse)
2018-04-30 09:55:35.665  INFO 13644 --- [main] org.springframework.web.servlet.mvc.method.annotation.RequestMappingHandlerMapping : Mapped "{[/encrypt],methods=[POST]}" onto public java.lang.String org.springframework.cloud.config.server.encryption.EncryptionController.encrypt(java.lang.String,org.springframework.http.MediaType)
2018-04-30 09:55:35.666  INFO 13644 --- [main] org.springframework.web.servlet.mvc.method.annotation.RequestMappingHandlerMapping : Mapped "{[/encrypt/{name}/{profiles}],methods=[POST]}" onto public java.lang.String org.springframework.cloud.config.server.encryption.EncryptionController.encrypt(java.lang.String,java.lang.String,java.lang.String,org.springframework.http.MediaType)
2018-04-30 09:55:35.666  INFO 13644 --- [main] org.springframework.web.servlet.mvc.method.annotation.RequestMappingHandlerMapping : Mapped "{[/decrypt/{name}/{profiles}],methods=[POST]}" onto public java.lang.String org.springframework.cloud.config.server.encryption.EncryptionController.decrypt(java.lang.String,java.lang.String,java.lang.String,org.springframework.http.MediaType)
2018-04-30 09:55:35.666  INFO 13644 --- [main] org.springframework.web.servlet.mvc.method.annotation.RequestMappingHandlerMapping : Mapped "{[/decrypt],methods=[POST]}" onto public java.lang.String org.springframework.cloud.config.server.encryption.EncryptionController.decrypt(java.lang.String,org.springframework.http.MediaType)
2018-04-30 09:55:35.666  INFO 13644 --- [main] org.springframework.web.servlet.mvc.method.annotation.RequestMappingHandlerMapping : Mapped "{[/encrypt/status],methods=[GET]}" onto public java.util.Map<java.lang.String, java.lang.Object> org.springframework.cloud.config.server.encryption.EncryptionController.status()
2018-04-30 09:55:35.667  INFO 13644 --- [main] org.springframework.web.servlet.mvc.method.annotation.RequestMappingHandlerMapping : Mapped "{[/key],methods=[GET]}" onto public java.lang.String org.springframework.cloud.config.server.encryption.EncryptionController.getPublicKey()
2018-04-30 09:55:35.667  INFO 13644 --- [main] org.springframework.web.servlet.mvc.method.annotation.RequestMappingHandlerMapping : Mapped "{[/key/{name}/{profiles}],methods=[GET]}" onto public java.lang.String org.springframework.cloud.config.server.encryption.EncryptionController.getPublicKey(java.lang.String,java.lang.String)
2018-04-30 09:55:35.672  INFO 13644 --- [main] org.springframework.web.servlet.mvc.method.annotation.RequestMappingHandlerMapping : Mapped "{[/{name}-{profiles}.properties],methods=[GET]}" onto public org.springframework.http.ResponseEntity<java.lang.String> org.springframework.cloud.config.server.environment.EnvironmentController.properties(java.lang.String,java.lang.String,boolean) throws java.io.IOException
2018-04-30 09:55:35.672  INFO 13644 --- [main] org.springframework.web.servlet.mvc.method.annotation.RequestMappingHandlerMapping : Mapped "{[/{name}-{profiles}.yml || /{name}-{profiles}.yaml],methods=[GET]}" onto public org.springframework.http.ResponseEntity<java.lang.String> org.springframework.cloud.config.server.environment.EnvironmentController.yaml(java.lang.String,java.lang.String,boolean) throws java.lang.Exception
2018-04-30 09:55:35.672  INFO 13644 --- [main] org.springframework.web.servlet.mvc.method.annotation.RequestMappingHandlerMapping : Mapped "{[/{name}/{profiles:.*[^-].*}],methods=[GET]}" onto public org.springframework.cloud.config.environment.Environment org.springframework.cloud.config.server.environment.EnvironmentController.defaultLabel(java.lang.String,java.lang.String)
2018-04-30 09:55:35.672  INFO 13644 --- [main] org.springframework.web.servlet.mvc.method.annotation.RequestMappingHandlerMapping : Mapped "{[/{label}/{name}-{profiles}.yml || /{label}/{name}-{profiles}.yaml],methods=[GET]}" onto public org.springframework.http.ResponseEntity<java.lang.String> org.springframework.cloud.config.server.environment.EnvironmentController.labelledYaml(java.lang.String,java.lang.String,java.lang.String,boolean) throws java.lang.Exception
2018-04-30 09:55:35.673  INFO 13644 --- [main] org.springframework.web.servlet.mvc.method.annotation.RequestMappingHandlerMapping : Mapped "{[/{name}-{profiles}.json],methods=[GET]}" onto public org.springframework.http.ResponseEntity<java.lang.String> org.springframework.cloud.config.server.environment.EnvironmentController.jsonProperties(java.lang.String,java.lang.String,boolean) throws java.lang.Exception
2018-04-30 09:55:35.673  INFO 13644 --- [main] org.springframework.web.servlet.mvc.method.annotation.RequestMappingHandlerMapping : Mapped "{[/{name}/{profiles}/{label:.*}],methods=[GET]}" onto public org.springframework.cloud.config.environment.Environment org.springframework.cloud.config.server.environment.EnvironmentController.labelled(java.lang.String,java.lang.String,java.lang.String)
2018-04-30 09:55:35.673  INFO 13644 --- [main] org.springframework.web.servlet.mvc.method.annotation.RequestMappingHandlerMapping : Mapped "{[/{label}/{name}-{profiles}.properties],methods=[GET]}" onto public org.springframework.http.ResponseEntity<java.lang.String> org.springframework.cloud.config.server.environment.EnvironmentController.labelledProperties(java.lang.String,java.lang.String,java.lang.String,boolean) throws java.io.IOException
2018-04-30 09:55:35.674  INFO 13644 --- [main] org.springframework.web.servlet.mvc.method.annotation.RequestMappingHandlerMapping : Mapped "{[/{label}/{name}-{profiles}.json],methods=[GET]}" onto public org.springframework.http.ResponseEntity<java.lang.String> org.springframework.cloud.config.server.environment.EnvironmentController.labelledJsonProperties(java.lang.String,java.lang.String,java.lang.String,boolean) throws java.lang.Exception
2018-04-30 09:55:35.676  INFO 13644 --- [main] org.springframework.web.servlet.mvc.method.annotation.RequestMappingHandlerMapping : Mapped "{[/{name}/{profile}/{label}/**],methods=[GET],produces=[application/octet-stream]}" onto public synchronized byte[] org.springframework.cloud.config.server.resource.ResourceController.binary(java.lang.String,java.lang.String,java.lang.String,javax.servlet.http.HttpServletRequest) throws java.io.IOException
2018-04-30 09:55:35.677  INFO 13644 --- [main] org.springframework.web.servlet.mvc.method.annotation.RequestMappingHandlerMapping : Mapped "{[/{name}/{profile}/{label}/**],methods=[GET]}" onto public java.lang.String org.springframework.cloud.config.server.resource.ResourceController.retrieve(java.lang.String,java.lang.String,java.lang.String,javax.servlet.http.HttpServletRequest,boolean) throws java.io.IOException
2018-04-30 09:55:35.677  INFO 13644 --- [main] org.springframework.web.servlet.mvc.method.annotation.RequestMappingHandlerMapping : Mapped "{[/{name}/{profile}/**],methods=[GET],params=[useDefaultLabel]}" onto public java.lang.String org.springframework.cloud.config.server.resource.ResourceController.retrieve(java.lang.String,java.lang.String,javax.servlet.http.HttpServletRequest,boolean) throws java.io.IOException
2018-04-30 09:55:35.711  INFO 13644 --- [main] org.springframework.web.servlet.handler.SimpleUrlHandlerMapping : Mapped URL path [/webjars/**] onto handler of type [class org.springframework.web.servlet.resource.ResourceHttpRequestHandler]
2018-04-30 09:55:35.711  INFO 13644 --- [main] org.springframework.web.servlet.handler.SimpleUrlHandlerMapping : Mapped URL path [/**] onto handler of type [class org.springframework.web.servlet.resource.ResourceHttpRequestHandler]
2018-04-30 09:55:35.743  INFO 13644 --- [main] org.springframework.web.servlet.handler.SimpleUrlHandlerMapping : Mapped URL path [/**/favicon.ico] onto handler of type [class org.springframework.web.servlet.resource.ResourceHttpRequestHandler]
2018-04-30 09:55:36.479  INFO 13644 --- [main] org.springframework.boot.actuate.endpoint.mvc.EndpointHandlerMapping : Mapped "{[/refresh || /refresh.json],methods=[POST]}" onto public java.lang.Object org.springframework.cloud.endpoint.GenericPostableMvcEndpoint.invoke()
2018-04-30 09:55:36.480  INFO 13644 --- [main] org.springframework.boot.actuate.endpoint.mvc.EndpointHandlerMapping : Mapped "{[/features || /features.json],methods=[GET],produces=[application/vnd.spring-boot.actuator.v1+json || application/json]}" onto public java.lang.Object org.springframework.boot.actuate.endpoint.mvc.EndpointMvcAdapter.invoke()
2018-04-30 09:55:36.480  INFO 13644 --- [main] org.springframework.boot.actuate.endpoint.mvc.EndpointHandlerMapping : Mapped "{[/service-registry/instance-status],methods=[GET]}" onto public org.springframework.http.ResponseEntity org.springframework.cloud.client.serviceregistry.endpoint.ServiceRegistryEndpoint.getStatus()
2018-04-30 09:55:36.480  INFO 13644 --- [main] org.springframework.boot.actuate.endpoint.mvc.EndpointHandlerMapping : Mapped "{[/service-registry/instance-status],methods=[POST]}" onto public org.springframework.http.ResponseEntity<?> org.springframework.cloud.client.serviceregistry.endpoint.ServiceRegistryEndpoint.setStatus(java.lang.String)
2018-04-30 09:55:36.481  INFO 13644 --- [main] org.springframework.boot.actuate.endpoint.mvc.EndpointHandlerMapping : Mapped "{[/trace || /trace.json],methods=[GET],produces=[application/vnd.spring-boot.actuator.v1+json || application/json]}" onto public java.lang.Object org.springframework.boot.actuate.endpoint.mvc.EndpointMvcAdapter.invoke()
2018-04-30 09:55:36.482  INFO 13644 --- [main] org.springframework.boot.actuate.endpoint.mvc.EndpointHandlerMapping : Mapped "{[/heapdump || /heapdump.json],methods=[GET],produces=[application/octet-stream]}" onto public void org.springframework.boot.actuate.endpoint.mvc.HeapdumpMvcEndpoint.invoke(boolean,javax.servlet.http.HttpServletRequest,javax.servlet.http.HttpServletResponse) throws java.io.IOException,javax.servlet.ServletException
2018-04-30 09:55:36.482  INFO 13644 --- [main] org.springframework.boot.actuate.endpoint.mvc.EndpointHandlerMapping : Mapped "{[/mappings || /mappings.json],methods=[GET],produces=[application/vnd.spring-boot.actuator.v1+json || application/json]}" onto public java.lang.Object org.springframework.boot.actuate.endpoint.mvc.EndpointMvcAdapter.invoke()
2018-04-30 09:55:36.483  INFO 13644 --- [main] org.springframework.boot.actuate.endpoint.mvc.EndpointHandlerMapping : Mapped "{[/auditevents || /auditevents.json],methods=[GET],produces=[application/vnd.spring-boot.actuator.v1+json || application/json]}" onto public org.springframework.http.ResponseEntity<?> org.springframework.boot.actuate.endpoint.mvc.AuditEventsMvcEndpoint.findByPrincipalAndAfterAndType(java.lang.String,java.util.Date,java.lang.String)
2018-04-30 09:55:36.483  INFO 13644 --- [main] org.springframework.boot.actuate.endpoint.mvc.EndpointHandlerMapping : Mapped "{[/beans || /beans.json],methods=[GET],produces=[application/vnd.spring-boot.actuator.v1+json || application/json]}" onto public java.lang.Object org.springframework.boot.actuate.endpoint.mvc.EndpointMvcAdapter.invoke()
2018-04-30 09:55:36.483  INFO 13644 --- [main] org.springframework.boot.actuate.endpoint.mvc.EndpointHandlerMapping : Mapped "{[/jolokia/**]}" onto public org.springframework.web.servlet.ModelAndView org.springframework.boot.actuate.endpoint.mvc.JolokiaMvcEndpoint.handle(javax.servlet.http.HttpServletRequest,javax.servlet.http.HttpServletResponse) throws java.lang.Exception
2018-04-30 09:55:36.484  INFO 13644 --- [main] org.springframework.boot.actuate.endpoint.mvc.EndpointHandlerMapping : Mapped "{[/env],methods=[POST]}" onto public java.lang.Object org.springframework.cloud.context.environment.EnvironmentManagerMvcEndpoint.value(java.util.Map<java.lang.String, java.lang.String>)
2018-04-30 09:55:36.484  INFO 13644 --- [main] org.springframework.boot.actuate.endpoint.mvc.EndpointHandlerMapping : Mapped "{[/env/reset],methods=[POST]}" onto public java.util.Map<java.lang.String, java.lang.Object> org.springframework.cloud.context.environment.EnvironmentManagerMvcEndpoint.reset()
2018-04-30 09:55:36.484  INFO 13644 --- [main] org.springframework.boot.actuate.endpoint.mvc.EndpointHandlerMapping : Mapped "{[/configprops || /configprops.json],methods=[GET],produces=[application/vnd.spring-boot.actuator.v1+json || application/json]}" onto public java.lang.Object org.springframework.boot.actuate.endpoint.mvc.EndpointMvcAdapter.invoke()
2018-04-30 09:55:36.485  INFO 13644 --- [main] org.springframework.boot.actuate.endpoint.mvc.EndpointHandlerMapping : Mapped "{[/loggers/{name:.*}],methods=[GET],produces=[application/vnd.spring-boot.actuator.v1+json || application/json]}" onto public java.lang.Object org.springframework.boot.actuate.endpoint.mvc.LoggersMvcEndpoint.get(java.lang.String)
2018-04-30 09:55:36.485  INFO 13644 --- [main] org.springframework.boot.actuate.endpoint.mvc.EndpointHandlerMapping : Mapped "{[/loggers/{name:.*}],methods=[POST],consumes=[application/vnd.spring-boot.actuator.v1+json || application/json],produces=[application/vnd.spring-boot.actuator.v1+json || application/json]}" onto public java.lang.Object org.springframework.boot.actuate.endpoint.mvc.LoggersMvcEndpoint.set(java.lang.String,java.util.Map<java.lang.String, java.lang.String>)
2018-04-30 09:55:36.485  INFO 13644 --- [main] org.springframework.boot.actuate.endpoint.mvc.EndpointHandlerMapping : Mapped "{[/loggers || /loggers.json],methods=[GET],produces=[application/vnd.spring-boot.actuator.v1+json || application/json]}" onto public java.lang.Object org.springframework.boot.actuate.endpoint.mvc.EndpointMvcAdapter.invoke()
2018-04-30 09:55:36.487  INFO 13644 --- [main] org.springframework.boot.actuate.endpoint.mvc.EndpointHandlerMapping : Mapped "{[/archaius || /archaius.json],methods=[GET],produces=[application/vnd.spring-boot.actuator.v1+json || application/json]}" onto public java.lang.Object org.springframework.boot.actuate.endpoint.mvc.EndpointMvcAdapter.invoke()
2018-04-30 09:55:36.487  INFO 13644 --- [main] org.springframework.boot.actuate.endpoint.mvc.EndpointHandlerMapping : Mapped "{[/info || /info.json],methods=[GET],produces=[application/vnd.spring-boot.actuator.v1+json || application/json]}" onto public java.lang.Object org.springframework.boot.actuate.endpoint.mvc.EndpointMvcAdapter.invoke()
2018-04-30 09:55:36.488  INFO 13644 --- [main] org.springframework.boot.actuate.endpoint.mvc.EndpointHandlerMapping : Mapped "{[/dump || /dump.json],methods=[GET],produces=[application/vnd.spring-boot.actuator.v1+json || application/json]}" onto public java.lang.Object org.springframework.boot.actuate.endpoint.mvc.EndpointMvcAdapter.invoke()
2018-04-30 09:55:36.488  INFO 13644 --- [main] org.springframework.boot.actuate.endpoint.mvc.EndpointHandlerMapping : Mapped "{[/env/{name:.*}],methods=[GET],produces=[application/vnd.spring-boot.actuator.v1+json || application/json]}" onto public java.lang.Object org.springframework.boot.actuate.endpoint.mvc.EnvironmentMvcEndpoint.value(java.lang.String)
2018-04-30 09:55:36.488  INFO 13644 --- [main] org.springframework.boot.actuate.endpoint.mvc.EndpointHandlerMapping : Mapped "{[/env || /env.json],methods=[GET],produces=[application/vnd.spring-boot.actuator.v1+json || application/json]}" onto public java.lang.Object org.springframework.boot.actuate.endpoint.mvc.EndpointMvcAdapter.invoke()
2018-04-30 09:55:36.488  INFO 13644 --- [main] org.springframework.boot.actuate.endpoint.mvc.EndpointHandlerMapping : Mapped "{[/autoconfig || /autoconfig.json],methods=[GET],produces=[application/vnd.spring-boot.actuator.v1+json || application/json]}" onto public java.lang.Object org.springframework.boot.actuate.endpoint.mvc.EndpointMvcAdapter.invoke()
2018-04-30 09:55:36.489  INFO 13644 --- [main] org.springframework.boot.actuate.endpoint.mvc.EndpointHandlerMapping : Mapped "{[/health || /health.json],methods=[GET],produces=[application/vnd.spring-boot.actuator.v1+json || application/json]}" onto public java.lang.Object org.springframework.boot.actuate.endpoint.mvc.HealthMvcEndpoint.invoke(javax.servlet.http.HttpServletRequest,java.security.Principal)
2018-04-30 09:55:36.489  INFO 13644 --- [main] org.springframework.boot.actuate.endpoint.mvc.EndpointHandlerMapping : Mapped "{[/metrics/{name:.*}],methods=[GET],produces=[application/vnd.spring-boot.actuator.v1+json || application/json]}" onto public java.lang.Object org.springframework.boot.actuate.endpoint.mvc.MetricsMvcEndpoint.value(java.lang.String)
2018-04-30 09:55:36.489  INFO 13644 --- [main] org.springframework.boot.actuate.endpoint.mvc.EndpointHandlerMapping : Mapped "{[/metrics || /metrics.json],methods=[GET],produces=[application/vnd.spring-boot.actuator.v1+json || application/json]}" onto public java.lang.Object org.springframework.boot.actuate.endpoint.mvc.EndpointMvcAdapter.invoke()
2018-04-30 09:55:36.715  INFO 13644 --- [main] org.springframework.jmx.export.annotation.AnnotationMBeanExporter : Registering beans for JMX exposure on startup
2018-04-30 09:55:36.722  INFO 13644 --- [main] org.springframework.jmx.export.annotation.AnnotationMBeanExporter : Bean with name 'environmentManager' has been autodetected for JMX exposure
2018-04-30 09:55:36.724  INFO 13644 --- [main] org.springframework.jmx.export.annotation.AnnotationMBeanExporter : Bean with name 'configurationPropertiesRebinder' has been autodetected for JMX exposure
2018-04-30 09:55:36.724  INFO 13644 --- [main] org.springframework.jmx.export.annotation.AnnotationMBeanExporter : Bean with name 'refreshEndpoint' has been autodetected for JMX exposure
2018-04-30 09:55:36.725  INFO 13644 --- [main] org.springframework.jmx.export.annotation.AnnotationMBeanExporter : Bean with name 'serviceRegistryEndpoint' has been autodetected for JMX exposure
2018-04-30 09:55:36.726  INFO 13644 --- [main] org.springframework.jmx.export.annotation.AnnotationMBeanExporter : Bean with name 'refreshScope' has been autodetected for JMX exposure
2018-04-30 09:55:36.727  INFO 13644 --- [main] org.springframework.jmx.export.annotation.AnnotationMBeanExporter : Located managed bean 'environmentManager': registering with JMX server as MBean [org.springframework.cloud.context.environment:name=environmentManager,type=EnvironmentManager]
2018-04-30 09:55:36.737  INFO 13644 --- [main] org.springframework.jmx.export.annotation.AnnotationMBeanExporter : Located managed bean 'serviceRegistryEndpoint': registering with JMX server as MBean [org.springframework.cloud.client.serviceregistry.endpoint:name=serviceRegistryEndpoint,type=ServiceRegistryEndpoint]
2018-04-30 09:55:36.742  INFO 13644 --- [main] org.springframework.jmx.export.annotation.AnnotationMBeanExporter : Located managed bean 'refreshScope': registering with JMX server as MBean [org.springframework.cloud.context.scope.refresh:name=refreshScope,type=RefreshScope]
2018-04-30 09:55:36.750  INFO 13644 --- [main] org.springframework.jmx.export.annotation.AnnotationMBeanExporter : Located managed bean 'configurationPropertiesRebinder': registering with JMX server as MBean [org.springframework.cloud.context.properties:name=configurationPropertiesRebinder,context=5c87bfe2,type=ConfigurationPropertiesRebinder]
2018-04-30 09:55:36.756  INFO 13644 --- [main] org.springframework.jmx.export.annotation.AnnotationMBeanExporter : Located managed bean 'refreshEndpoint': registering with JMX server as MBean [org.springframework.cloud.endpoint:name=refreshEndpoint,type=RefreshEndpoint]
2018-04-30 09:55:37.019  INFO 13644 --- [main] org.apache.catalina.core.ContainerBase.[Tomcat].[localhost].[/] : jolokia: No access restrictor found, access to any MBean is allowed
2018-04-30 09:55:37.022  INFO 13644 --- [main] org.apache.catalina.core.ContainerBase.[Tomcat].[localhost].[/] : jolokia: jolokia:type=Config is already registered. Adding it with jolokia:type=Config,uuid=682ce602-51f2-48de-8360-a3eeb0e291aa, but you should revise your setup in order to either use a qualifier or ensure, that only a single agent gets registered (otherwise history functionality might not work)
2018-04-30 09:55:37.023  INFO 13644 --- [main] org.apache.catalina.core.ContainerBase.[Tomcat].[localhost].[/] : jolokia: Cannot register (legacy) MBean handler for config store with name jmx4perl:type=Config since it already exists. This is the case if another agent has been already started within the same JVM. The registration is skipped.
2018-04-30 09:55:37.023  INFO 13644 --- [main] org.apache.catalina.core.ContainerBase.[Tomcat].[localhost].[/] : jolokia: Jolokia Discovery MBean registration is skipped because there is already one registered.
2018-04-30 09:55:37.071  INFO 13644 --- [main] org.springframework.context.support.DefaultLifecycleProcessor : Starting beans in phase 0
2018-04-30 09:55:37.076  INFO 13644 --- [main] org.springframework.cloud.netflix.eureka.InstanceInfoFactory : Setting initial instance status as: STARTING
2018-04-30 09:55:37.096  INFO 13644 --- [main] com.netflix.discovery.DiscoveryClient : Initializing Eureka in region us-east-1
2018-04-30 09:55:37.198  INFO 13644 --- [main] com.netflix.discovery.provider.DiscoveryJerseyProvider : Using JSON encoding codec LegacyJacksonJson
2018-04-30 09:55:37.198  INFO 13644 --- [main] com.netflix.discovery.provider.DiscoveryJerseyProvider : Using JSON decoding codec LegacyJacksonJson
2018-04-30 09:55:37.262  INFO 13644 --- [main] com.netflix.discovery.provider.DiscoveryJerseyProvider : Using XML encoding codec XStreamXml
2018-04-30 09:55:37.263  INFO 13644 --- [main] com.netflix.discovery.provider.DiscoveryJerseyProvider : Using XML decoding codec XStreamXml
2018-04-30 09:55:37.382  INFO 13644 --- [main] com.netflix.discovery.shared.resolver.aws.ConfigClusterResolver : Resolving eureka endpoints via configuration
2018-04-30 09:55:37.487  INFO 13644 --- [main] com.netflix.discovery.DiscoveryClient : Disable delta property : false
2018-04-30 09:55:37.487  INFO 13644 --- [main] com.netflix.discovery.DiscoveryClient : Single vip registry refresh property : null
2018-04-30 09:55:37.488  INFO 13644 --- [main] com.netflix.discovery.DiscoveryClient : Force full registry fetch : false
2018-04-30 09:55:37.488  INFO 13644 --- [main] com.netflix.discovery.DiscoveryClient : Application is null : false
2018-04-30 09:55:37.488  INFO 13644 --- [main] com.netflix.discovery.DiscoveryClient : Registered Applications size is zero : true
2018-04-30 09:55:37.488  INFO 13644 --- [main] com.netflix.discovery.DiscoveryClient : Application version is -1: true
2018-04-30 09:55:37.488  INFO 13644 --- [main] com.netflix.discovery.DiscoveryClient : Getting all instance registry info from the eureka server
2018-04-30 09:55:37.677  INFO 13644 --- [main] com.netflix.discovery.DiscoveryClient : The response status is 200
2018-04-30 09:55:37.678  INFO 13644 --- [main] com.netflix.discovery.DiscoveryClient : Starting heartbeat executor: renew interval is: 5
2018-04-30 09:55:37.679  INFO 13644 --- [main] com.netflix.discovery.InstanceInfoReplicator : InstanceInfoReplicator onDemand update allowed rate per min is 4
2018-04-30 09:55:37.681  INFO 13644 --- [main] com.netflix.discovery.DiscoveryClient : Discovery Client initialized at timestamp 1525053337681 with initial instances count: 0
2018-04-30 09:55:37.684  INFO 13644 --- [main] org.springframework.cloud.netflix.eureka.serviceregistry.EurekaServiceRegistry : Registering application fin.scfw-config with eureka with status UP
2018-04-30 09:55:37.685  INFO 13644 --- [main] com.netflix.discovery.DiscoveryClient : Saw local status change event StatusChangeEvent [timestamp=1525053337685, current=UP, previous=STARTING]
2018-04-30 09:55:37.687  INFO 13644 --- [DiscoveryClient-InstanceInfoReplicator-0] com.netflix.discovery.DiscoveryClient : DiscoveryClient_FIN.SCFW-CONFIG/admin:fin.scfw-config:50111: registering service...
2018-04-30 09:55:37.781  INFO 13644 --- [DiscoveryClient-InstanceInfoReplicator-0] com.netflix.discovery.DiscoveryClient : DiscoveryClient_FIN.SCFW-CONFIG/admin:fin.scfw-config:50111 - registration status: 204
2018-04-30 09:55:37.782  INFO 13644 --- [main] org.springframework.boot.context.embedded.tomcat.TomcatEmbeddedServletContainer : Tomcat started on port(s): 50111 (http)
2018-04-30 09:55:37.783  INFO 13644 --- [main] org.springframework.cloud.netflix.eureka.serviceregistry.EurekaAutoServiceRegistration : Updating port to 50111
2018-04-30 09:55:37.785  INFO 13644 --- [main] com.yqjr.fin.scfw.config.Application : Started Application in 5.057 seconds (JVM running for 5.754)
2018-04-30 09:55:38.329  INFO 13644 --- [RMI TCP Connection(8)-127.0.0.1] org.springframework.context.annotation.AnnotationConfigApplicationContext : Refreshing org.springframework.context.annotation.AnnotationConfigApplicationContext@3b9eb704: startup date [Mon Apr 30 09:55:38 CST 2018]; root of context hierarchy
2018-04-30 09:55:38.337  INFO 13644 --- [RMI TCP Connection(8)-127.0.0.1] org.springframework.beans.factory.annotation.AutowiredAnnotationBeanPostProcessor : JSR-330 'javax.inject.Inject' annotation found and supported for autowiring
2018-04-30 09:55:38.353  INFO 13644 --- [RMI TCP Connection(8)-127.0.0.1] org.springframework.context.annotation.AnnotationConfigApplicationContext : Closing org.springframework.context.annotation.AnnotationConfigApplicationContext@3b9eb704: startup date [Mon Apr 30 09:55:38 CST 2018]; root of context hierarchy
2018-04-30 09:55:42.680  INFO 13644 --- [DiscoveryClient-CacheRefreshExecutor-0] com.netflix.discovery.DiscoveryClient : Disable delta property : false
2018-04-30 09:55:42.680  INFO 13644 --- [DiscoveryClient-CacheRefreshExecutor-0] com.netflix.discovery.DiscoveryClient : Single vip registry refresh property : null
2018-04-30 09:55:42.680  INFO 13644 --- [DiscoveryClient-CacheRefreshExecutor-0] com.netflix.discovery.DiscoveryClient : Force full registry fetch : false
2018-04-30 09:55:42.681  INFO 13644 --- [DiscoveryClient-CacheRefreshExecutor-0] com.netflix.discovery.DiscoveryClient : Application is null : false
2018-04-30 09:55:42.681  INFO 13644 --- [DiscoveryClient-CacheRefreshExecutor-0] com.netflix.discovery.DiscoveryClient : Registered Applications size is zero : true
2018-04-30 09:55:42.681  INFO 13644 --- [DiscoveryClient-CacheRefreshExecutor-0] com.netflix.discovery.DiscoveryClient : Application version is -1: false
2018-04-30 09:55:42.681  INFO 13644 --- [DiscoveryClient-CacheRefreshExecutor-0] com.netflix.discovery.DiscoveryClient : Getting all instance registry info from the eureka server
2018-04-30 09:55:42.702  INFO 13644 --- [DiscoveryClient-CacheRefreshExecutor-0] com.netflix.discovery.DiscoveryClient : The response status is 200
2018-04-30 09:55:50.061  INFO 13644 --- [http-nio-50111-exec-1] org.apache.catalina.core.ContainerBase.[Tomcat].[localhost].[/] : Initializing Spring FrameworkServlet 'dispatcherServlet'
2018-04-30 09:55:50.062  INFO 13644 --- [http-nio-50111-exec-1] org.springframework.web.servlet.DispatcherServlet : FrameworkServlet 'dispatcherServlet': initialization started
2018-04-30 09:55:50.074  INFO 13644 --- [http-nio-50111-exec-1] org.springframework.web.servlet.DispatcherServlet : FrameworkServlet 'dispatcherServlet': initialization completed in 12 ms
2018-04-30 09:55:50.295  INFO 13644 --- [http-nio-50111-exec-1] org.springframework.context.annotation.AnnotationConfigApplicationContext : Refreshing org.springframework.context.annotation.AnnotationConfigApplicationContext@1f22ada5: startup date [Mon Apr 30 09:55:50 CST 2018]; root of context hierarchy
2018-04-30 09:55:50.314  INFO 13644 --- [http-nio-50111-exec-1] org.springframework.beans.factory.annotation.AutowiredAnnotationBeanPostProcessor : JSR-330 'javax.inject.Inject' annotation found and supported for autowiring
2018-04-30 09:55:50.353  INFO 13644 --- [http-nio-50111-exec-1] org.springframework.context.annotation.AnnotationConfigApplicationContext : Closing org.springframework.context.annotation.AnnotationConfigApplicationContext@1f22ada5: startup date [Mon Apr 30 09:55:50 CST 2018]; root of context hierarchy
2018-04-30 09:56:06.322  INFO 13644 --- [http-nio-50111-exec-5] org.springframework.context.annotation.AnnotationConfigApplicationContext : Refreshing org.springframework.context.annotation.AnnotationConfigApplicationContext@2de046fa: startup date [Mon Apr 30 09:56:06 CST 2018]; root of context hierarchy
2018-04-30 09:56:06.328  INFO 13644 --- [http-nio-50111-exec-5] org.springframework.beans.factory.annotation.AutowiredAnnotationBeanPostProcessor : JSR-330 'javax.inject.Inject' annotation found and supported for autowiring
2018-04-30 09:56:06.333  INFO 13644 --- [http-nio-50111-exec-5] org.springframework.context.annotation.AnnotationConfigApplicationContext : Closing org.springframework.context.annotation.AnnotationConfigApplicationContext@2de046fa: startup date [Mon Apr 30 09:56:06 CST 2018]; root of context hierarchy
