2018-04-11 13:37:48.701  INFO 1110284 --- [main] org.springframework.context.annotation.AnnotationConfigApplicationContext : Refreshing org.springframework.context.annotation.AnnotationConfigApplicationContext@548847bf: startup date [Wed Apr 11 13:37:48 CST 2018]; root of context hierarchy
2018-04-11 13:37:48.900  INFO 1110284 --- [main] org.springframework.beans.factory.annotation.AutowiredAnnotationBeanPostProcessor : JSR-330 'javax.inject.Inject' annotation found and supported for autowiring
2018-04-11 13:37:48.932  INFO 1110284 --- [main] org.springframework.context.support.PostProcessorRegistrationDelegate$BeanPostProcessorChecker : Bean 'configurationPropertiesRebinderAutoConfiguration' of type [org.springframework.cloud.autoconfigure.ConfigurationPropertiesRebinderAutoConfiguration$$EnhancerBySpringCGLIB$$f9bd7d1d] is not eligible for getting processed by all BeanPostProcessors (for example: not eligible for auto-proxying)
2018-04-11 13:37:49.260  INFO 1110284 --- [main] com.yqjr.fin.scfw.eureka.Application : No active profile set, falling back to default profiles: default
2018-04-11 13:37:49.272  INFO 1110284 --- [main] org.springframework.boot.context.embedded.AnnotationConfigEmbeddedWebApplicationContext : Refreshing org.springframework.boot.context.embedded.AnnotationConfigEmbeddedWebApplicationContext@3143da67: startup date [Wed Apr 11 13:37:49 CST 2018]; parent: org.springframework.context.annotation.AnnotationConfigApplicationContext@548847bf
2018-04-11 13:37:50.093  INFO 1110284 --- [main] org.springframework.cloud.context.scope.GenericScope : BeanFactory id=c0d00dd1-1274-36f5-bc24-7a49e1db9a19
2018-04-11 13:37:50.113  INFO 1110284 --- [main] org.springframework.beans.factory.annotation.AutowiredAnnotationBeanPostProcessor : JSR-330 'javax.inject.Inject' annotation found and supported for autowiring
2018-04-11 13:37:50.171  INFO 1110284 --- [main] org.springframework.context.support.PostProcessorRegistrationDelegate$BeanPostProcessorChecker : Bean 'org.springframework.cloud.netflix.metrics.MetricsInterceptorConfiguration$MetricsRestTemplateConfiguration' of type [org.springframework.cloud.netflix.metrics.MetricsInterceptorConfiguration$MetricsRestTemplateConfiguration$$EnhancerBySpringCGLIB$$fd02061] is not eligible for getting processed by all BeanPostProcessors (for example: not eligible for auto-proxying)
2018-04-11 13:37:50.181  INFO 1110284 --- [main] org.springframework.context.support.PostProcessorRegistrationDelegate$BeanPostProcessorChecker : Bean 'org.springframework.cloud.autoconfigure.ConfigurationPropertiesRebinderAutoConfiguration' of type [org.springframework.cloud.autoconfigure.ConfigurationPropertiesRebinderAutoConfiguration$$EnhancerBySpringCGLIB$$f9bd7d1d] is not eligible for getting processed by all BeanPostProcessors (for example: not eligible for auto-proxying)
2018-04-11 13:37:50.492  INFO 1110284 --- [main] org.springframework.boot.context.embedded.tomcat.TomcatEmbeddedServletContainer : Tomcat initialized with port(s): 50101 (http)
2018-04-11 13:37:50.502  INFO 1110284 --- [main] org.apache.catalina.core.StandardService : Starting service [Tomcat]
2018-04-11 13:37:50.503  INFO 1110284 --- [main] org.apache.catalina.core.StandardEngine : Starting Servlet Engine: Apache Tomcat/8.5.23
2018-04-11 13:37:50.573  INFO 1110284 --- [localhost-startStop-1] org.apache.catalina.core.ContainerBase.[Tomcat].[localhost].[/] : Initializing Spring embedded WebApplicationContext
2018-04-11 13:37:50.574  INFO 1110284 --- [localhost-startStop-1] org.springframework.web.context.ContextLoader : Root WebApplicationContext: initialization completed in 1302 ms
2018-04-11 13:37:51.108  INFO 1110284 --- [localhost-startStop-1] org.springframework.boot.web.servlet.FilterRegistrationBean : Mapping filter: 'metricsFilter' to: [/*]
2018-04-11 13:37:51.109  INFO 1110284 --- [localhost-startStop-1] org.springframework.boot.web.servlet.FilterRegistrationBean : Mapping filter: 'characterEncodingFilter' to: [/*]
2018-04-11 13:37:51.109  INFO 1110284 --- [localhost-startStop-1] org.springframework.boot.web.servlet.FilterRegistrationBean : Mapping filter: 'hiddenHttpMethodFilter' to: [/*]
2018-04-11 13:37:51.109  INFO 1110284 --- [localhost-startStop-1] org.springframework.boot.web.servlet.FilterRegistrationBean : Mapping filter: 'httpPutFormContentFilter' to: [/*]
2018-04-11 13:37:51.109  INFO 1110284 --- [localhost-startStop-1] org.springframework.boot.web.servlet.FilterRegistrationBean : Mapping filter: 'requestContextFilter' to: [/*]
2018-04-11 13:37:51.110  INFO 1110284 --- [localhost-startStop-1] org.springframework.boot.web.servlet.FilterRegistrationBean : Mapping filter: 'webRequestTraceFilter' to: [/*]
2018-04-11 13:37:51.110  INFO 1110284 --- [localhost-startStop-1] org.springframework.boot.web.servlet.FilterRegistrationBean : Mapping filter: 'servletContainer' to urls: [/eureka/*]
2018-04-11 13:37:51.110  INFO 1110284 --- [localhost-startStop-1] org.springframework.boot.web.servlet.FilterRegistrationBean : Mapping filter: 'applicationContextIdFilter' to: [/*]
2018-04-11 13:37:51.110  INFO 1110284 --- [localhost-startStop-1] org.springframework.boot.web.servlet.ServletRegistrationBean : Mapping servlet: 'dispatcherServlet' to [/]
2018-04-11 13:37:51.182  INFO 1110284 --- [localhost-startStop-1] com.sun.jersey.server.impl.application.WebApplicationImpl : Initiating Jersey application, version 'Jersey: 1.19.1 03/11/2016 02:08 PM'
2018-04-11 13:37:51.250  INFO 1110284 --- [localhost-startStop-1] com.netflix.discovery.provider.DiscoveryJerseyProvider : Using JSON encoding codec LegacyJacksonJson
2018-04-11 13:37:51.252  INFO 1110284 --- [localhost-startStop-1] com.netflix.discovery.provider.DiscoveryJerseyProvider : Using JSON decoding codec LegacyJacksonJson
2018-04-11 13:37:51.357  INFO 1110284 --- [localhost-startStop-1] com.netflix.discovery.provider.DiscoveryJerseyProvider : Using XML encoding codec XStreamXml
2018-04-11 13:37:51.358  INFO 1110284 --- [localhost-startStop-1] com.netflix.discovery.provider.DiscoveryJerseyProvider : Using XML decoding codec XStreamXml
2018-04-11 13:37:52.019  WARN 1110284 --- [main] com.netflix.config.sources.URLConfigurationSource : No URLs will be polled as dynamic configuration sources.
2018-04-11 13:37:52.019  INFO 1110284 --- [main] com.netflix.config.sources.URLConfigurationSource : To enable URLs as dynamic configuration sources, define System property archaius.configurationSource.additionalUrls or make config.properties available on classpath.
2018-04-11 13:37:52.025  WARN 1110284 --- [main] com.netflix.config.sources.URLConfigurationSource : No URLs will be polled as dynamic configuration sources.
2018-04-11 13:37:52.026  INFO 1110284 --- [main] com.netflix.config.sources.URLConfigurationSource : To enable URLs as dynamic configuration sources, define System property archaius.configurationSource.additionalUrls or make config.properties available on classpath.
2018-04-11 13:37:52.168  INFO 1110284 --- [main] org.apache.catalina.core.ContainerBase.[Tomcat].[localhost].[/] : jolokia: No access restrictor found, access to any MBean is allowed
2018-04-11 13:37:52.385  INFO 1110284 --- [main] org.springframework.web.servlet.mvc.method.annotation.RequestMappingHandlerAdapter : Looking for @ControllerAdvice: org.springframework.boot.context.embedded.AnnotationConfigEmbeddedWebApplicationContext@3143da67: startup date [Wed Apr 11 13:37:49 CST 2018]; parent: org.springframework.context.annotation.AnnotationConfigApplicationContext@548847bf
2018-04-11 13:37:52.487  INFO 1110284 --- [main] org.springframework.web.servlet.mvc.method.annotation.RequestMappingHandlerMapping : Mapped "{[/error]}" onto public org.springframework.http.ResponseEntity<java.util.Map<java.lang.String, java.lang.Object>> org.springframework.boot.autoconfigure.web.BasicErrorController.error(javax.servlet.http.HttpServletRequest)
2018-04-11 13:37:52.488  INFO 1110284 --- [main] org.springframework.web.servlet.mvc.method.annotation.RequestMappingHandlerMapping : Mapped "{[/error],produces=[text/html]}" onto public org.springframework.web.servlet.ModelAndView org.springframework.boot.autoconfigure.web.BasicErrorController.errorHtml(javax.servlet.http.HttpServletRequest,javax.servlet.http.HttpServletResponse)
2018-04-11 13:37:52.493  INFO 1110284 --- [main] org.springframework.web.servlet.mvc.method.annotation.RequestMappingHandlerMapping : Mapped "{[/],methods=[GET]}" onto public java.lang.String org.springframework.cloud.netflix.eureka.server.EurekaController.status(javax.servlet.http.HttpServletRequest,java.util.Map<java.lang.String, java.lang.Object>)
2018-04-11 13:37:52.493  INFO 1110284 --- [main] org.springframework.web.servlet.mvc.method.annotation.RequestMappingHandlerMapping : Mapped "{[/lastn],methods=[GET]}" onto public java.lang.String org.springframework.cloud.netflix.eureka.server.EurekaController.lastn(javax.servlet.http.HttpServletRequest,java.util.Map<java.lang.String, java.lang.Object>)
2018-04-11 13:37:52.524  INFO 1110284 --- [main] org.springframework.web.servlet.handler.SimpleUrlHandlerMapping : Mapped URL path [/webjars/**] onto handler of type [class org.springframework.web.servlet.resource.ResourceHttpRequestHandler]
2018-04-11 13:37:52.524  INFO 1110284 --- [main] org.springframework.web.servlet.handler.SimpleUrlHandlerMapping : Mapped URL path [/**] onto handler of type [class org.springframework.web.servlet.resource.ResourceHttpRequestHandler]
2018-04-11 13:37:52.560  INFO 1110284 --- [main] org.springframework.web.servlet.handler.SimpleUrlHandlerMapping : Mapped URL path [/**/favicon.ico] onto handler of type [class org.springframework.web.servlet.resource.ResourceHttpRequestHandler]
2018-04-11 13:37:53.216  INFO 1110284 --- [main] org.springframework.boot.actuate.endpoint.mvc.EndpointHandlerMapping : Mapped "{[/env],methods=[POST]}" onto public java.lang.Object org.springframework.cloud.context.environment.EnvironmentManagerMvcEndpoint.value(java.util.Map<java.lang.String, java.lang.String>)
2018-04-11 13:37:53.217  INFO 1110284 --- [main] org.springframework.boot.actuate.endpoint.mvc.EndpointHandlerMapping : Mapped "{[/env/reset],methods=[POST]}" onto public java.util.Map<java.lang.String, java.lang.Object> org.springframework.cloud.context.environment.EnvironmentManagerMvcEndpoint.reset()
2018-04-11 13:37:53.218  INFO 1110284 --- [main] org.springframework.boot.actuate.endpoint.mvc.EndpointHandlerMapping : Mapped "{[/info || /info.json],methods=[GET],produces=[application/vnd.spring-boot.actuator.v1+json || application/json]}" onto public java.lang.Object org.springframework.boot.actuate.endpoint.mvc.EndpointMvcAdapter.invoke()
2018-04-11 13:37:53.219  INFO 1110284 --- [main] org.springframework.boot.actuate.endpoint.mvc.EndpointHandlerMapping : Mapped "{[/autoconfig || /autoconfig.json],methods=[GET],produces=[application/vnd.spring-boot.actuator.v1+json || application/json]}" onto public java.lang.Object org.springframework.boot.actuate.endpoint.mvc.EndpointMvcAdapter.invoke()
2018-04-11 13:37:53.220  INFO 1110284 --- [main] org.springframework.boot.actuate.endpoint.mvc.EndpointHandlerMapping : Mapped "{[/configprops || /configprops.json],methods=[GET],produces=[application/vnd.spring-boot.actuator.v1+json || application/json]}" onto public java.lang.Object org.springframework.boot.actuate.endpoint.mvc.EndpointMvcAdapter.invoke()
2018-04-11 13:37:53.221  INFO 1110284 --- [main] org.springframework.boot.actuate.endpoint.mvc.EndpointHandlerMapping : Mapped "{[/mappings || /mappings.json],methods=[GET],produces=[application/vnd.spring-boot.actuator.v1+json || application/json]}" onto public java.lang.Object org.springframework.boot.actuate.endpoint.mvc.EndpointMvcAdapter.invoke()
2018-04-11 13:37:53.224  INFO 1110284 --- [main] org.springframework.boot.actuate.endpoint.mvc.EndpointHandlerMapping : Mapped "{[/loggers/{name:.*}],methods=[GET],produces=[application/vnd.spring-boot.actuator.v1+json || application/json]}" onto public java.lang.Object org.springframework.boot.actuate.endpoint.mvc.LoggersMvcEndpoint.get(java.lang.String)
2018-04-11 13:37:53.225  INFO 1110284 --- [main] org.springframework.boot.actuate.endpoint.mvc.EndpointHandlerMapping : Mapped "{[/loggers/{name:.*}],methods=[POST],consumes=[application/vnd.spring-boot.actuator.v1+json || application/json],produces=[application/vnd.spring-boot.actuator.v1+json || application/json]}" onto public java.lang.Object org.springframework.boot.actuate.endpoint.mvc.LoggersMvcEndpoint.set(java.lang.String,java.util.Map<java.lang.String, java.lang.String>)
2018-04-11 13:37:53.225  INFO 1110284 --- [main] org.springframework.boot.actuate.endpoint.mvc.EndpointHandlerMapping : Mapped "{[/loggers || /loggers.json],methods=[GET],produces=[application/vnd.spring-boot.actuator.v1+json || application/json]}" onto public java.lang.Object org.springframework.boot.actuate.endpoint.mvc.EndpointMvcAdapter.invoke()
2018-04-11 13:37:53.226  INFO 1110284 --- [main] org.springframework.boot.actuate.endpoint.mvc.EndpointHandlerMapping : Mapped "{[/auditevents || /auditevents.json],methods=[GET],produces=[application/vnd.spring-boot.actuator.v1+json || application/json]}" onto public org.springframework.http.ResponseEntity<?> org.springframework.boot.actuate.endpoint.mvc.AuditEventsMvcEndpoint.findByPrincipalAndAfterAndType(java.lang.String,java.util.Date,java.lang.String)
2018-04-11 13:37:53.227  INFO 1110284 --- [main] org.springframework.boot.actuate.endpoint.mvc.EndpointHandlerMapping : Mapped "{[/beans || /beans.json],methods=[GET],produces=[application/vnd.spring-boot.actuator.v1+json || application/json]}" onto public java.lang.Object org.springframework.boot.actuate.endpoint.mvc.EndpointMvcAdapter.invoke()
2018-04-11 13:37:53.228  INFO 1110284 --- [main] org.springframework.boot.actuate.endpoint.mvc.EndpointHandlerMapping : Mapped "{[/refresh || /refresh.json],methods=[POST]}" onto public java.lang.Object org.springframework.cloud.endpoint.GenericPostableMvcEndpoint.invoke()
2018-04-11 13:37:53.228  INFO 1110284 --- [main] org.springframework.boot.actuate.endpoint.mvc.EndpointHandlerMapping : Mapped "{[/dump || /dump.json],methods=[GET],produces=[application/vnd.spring-boot.actuator.v1+json || application/json]}" onto public java.lang.Object org.springframework.boot.actuate.endpoint.mvc.EndpointMvcAdapter.invoke()
2018-04-11 13:37:53.229  INFO 1110284 --- [main] org.springframework.boot.actuate.endpoint.mvc.EndpointHandlerMapping : Mapped "{[/env/{name:.*}],methods=[GET],produces=[application/vnd.spring-boot.actuator.v1+json || application/json]}" onto public java.lang.Object org.springframework.boot.actuate.endpoint.mvc.EnvironmentMvcEndpoint.value(java.lang.String)
2018-04-11 13:37:53.229  INFO 1110284 --- [main] org.springframework.boot.actuate.endpoint.mvc.EndpointHandlerMapping : Mapped "{[/env || /env.json],methods=[GET],produces=[application/vnd.spring-boot.actuator.v1+json || application/json]}" onto public java.lang.Object org.springframework.boot.actuate.endpoint.mvc.EndpointMvcAdapter.invoke()
2018-04-11 13:37:53.230  INFO 1110284 --- [main] org.springframework.boot.actuate.endpoint.mvc.EndpointHandlerMapping : Mapped "{[/trace || /trace.json],methods=[GET],produces=[application/vnd.spring-boot.actuator.v1+json || application/json]}" onto public java.lang.Object org.springframework.boot.actuate.endpoint.mvc.EndpointMvcAdapter.invoke()
2018-04-11 13:37:53.230  INFO 1110284 --- [main] org.springframework.boot.actuate.endpoint.mvc.EndpointHandlerMapping : Mapped "{[/archaius || /archaius.json],methods=[GET],produces=[application/vnd.spring-boot.actuator.v1+json || application/json]}" onto public java.lang.Object org.springframework.boot.actuate.endpoint.mvc.EndpointMvcAdapter.invoke()
2018-04-11 13:37:53.231  INFO 1110284 --- [main] org.springframework.boot.actuate.endpoint.mvc.EndpointHandlerMapping : Mapped "{[/jolokia/**]}" onto public org.springframework.web.servlet.ModelAndView org.springframework.boot.actuate.endpoint.mvc.JolokiaMvcEndpoint.handle(javax.servlet.http.HttpServletRequest,javax.servlet.http.HttpServletResponse) throws java.lang.Exception
2018-04-11 13:37:53.232  INFO 1110284 --- [main] org.springframework.boot.actuate.endpoint.mvc.EndpointHandlerMapping : Mapped "{[/metrics/{name:.*}],methods=[GET],produces=[application/vnd.spring-boot.actuator.v1+json || application/json]}" onto public java.lang.Object org.springframework.boot.actuate.endpoint.mvc.MetricsMvcEndpoint.value(java.lang.String)
2018-04-11 13:37:53.232  INFO 1110284 --- [main] org.springframework.boot.actuate.endpoint.mvc.EndpointHandlerMapping : Mapped "{[/metrics || /metrics.json],methods=[GET],produces=[application/vnd.spring-boot.actuator.v1+json || application/json]}" onto public java.lang.Object org.springframework.boot.actuate.endpoint.mvc.EndpointMvcAdapter.invoke()
2018-04-11 13:37:53.233  INFO 1110284 --- [main] org.springframework.boot.actuate.endpoint.mvc.EndpointHandlerMapping : Mapped "{[/health || /health.json],methods=[GET],produces=[application/vnd.spring-boot.actuator.v1+json || application/json]}" onto public java.lang.Object org.springframework.boot.actuate.endpoint.mvc.HealthMvcEndpoint.invoke(javax.servlet.http.HttpServletRequest,java.security.Principal)
2018-04-11 13:37:53.234  INFO 1110284 --- [main] org.springframework.boot.actuate.endpoint.mvc.EndpointHandlerMapping : Mapped "{[/service-registry/instance-status],methods=[GET]}" onto public org.springframework.http.ResponseEntity org.springframework.cloud.client.serviceregistry.endpoint.ServiceRegistryEndpoint.getStatus()
2018-04-11 13:37:53.234  INFO 1110284 --- [main] org.springframework.boot.actuate.endpoint.mvc.EndpointHandlerMapping : Mapped "{[/service-registry/instance-status],methods=[POST]}" onto public org.springframework.http.ResponseEntity<?> org.springframework.cloud.client.serviceregistry.endpoint.ServiceRegistryEndpoint.setStatus(java.lang.String)
2018-04-11 13:37:53.234  INFO 1110284 --- [main] org.springframework.boot.actuate.endpoint.mvc.EndpointHandlerMapping : Mapped "{[/features || /features.json],methods=[GET],produces=[application/vnd.spring-boot.actuator.v1+json || application/json]}" onto public java.lang.Object org.springframework.boot.actuate.endpoint.mvc.EndpointMvcAdapter.invoke()
2018-04-11 13:37:53.235  INFO 1110284 --- [main] org.springframework.boot.actuate.endpoint.mvc.EndpointHandlerMapping : Mapped "{[/heapdump || /heapdump.json],methods=[GET],produces=[application/octet-stream]}" onto public void org.springframework.boot.actuate.endpoint.mvc.HeapdumpMvcEndpoint.invoke(boolean,javax.servlet.http.HttpServletRequest,javax.servlet.http.HttpServletResponse) throws java.io.IOException,javax.servlet.ServletException
2018-04-11 13:37:53.334  INFO 1110284 --- [main] org.springframework.ui.freemarker.SpringTemplateLoader : SpringTemplateLoader for FreeMarker: using resource loader [org.springframework.boot.context.embedded.AnnotationConfigEmbeddedWebApplicationContext@3143da67: startup date [Wed Apr 11 13:37:49 CST 2018]; parent: org.springframework.context.annotation.AnnotationConfigApplicationContext@548847bf] and template loader path [classpath:/templates/]
2018-04-11 13:37:53.336  INFO 1110284 --- [main] org.springframework.web.servlet.view.freemarker.FreeMarkerConfigurer : ClassTemplateLoader for Spring macros added to FreeMarker configuration
2018-04-11 13:37:53.466  INFO 1110284 --- [main] org.springframework.cloud.netflix.eureka.InstanceInfoFactory : Setting initial instance status as: STARTING
2018-04-11 13:37:53.499  INFO 1110284 --- [main] com.netflix.discovery.DiscoveryClient : Initializing Eureka in region us-east-1
2018-04-11 13:37:53.499  INFO 1110284 --- [main] com.netflix.discovery.DiscoveryClient : Client configured to neither register nor query for data.
2018-04-11 13:37:53.508  INFO 1110284 --- [main] com.netflix.discovery.DiscoveryClient : Discovery Client initialized at timestamp 1523425073507 with initial instances count: 0
2018-04-11 13:37:53.553  INFO 1110284 --- [main] com.netflix.eureka.DefaultEurekaServerContext : Initializing ...
2018-04-11 13:37:53.555  WARN 1110284 --- [main] com.netflix.eureka.cluster.PeerEurekaNodes : The replica size seems to be empty. Check the route 53 DNS Registry
2018-04-11 13:37:53.565  INFO 1110284 --- [main] com.netflix.eureka.registry.AbstractInstanceRegistry : Finished initializing remote region registries. All known remote regions: []
2018-04-11 13:37:53.566  INFO 1110284 --- [main] com.netflix.eureka.DefaultEurekaServerContext : Initialized
2018-04-11 13:37:53.619  INFO 1110284 --- [main] org.springframework.jmx.export.annotation.AnnotationMBeanExporter : Registering beans for JMX exposure on startup
2018-04-11 13:37:53.626  INFO 1110284 --- [main] org.springframework.jmx.export.annotation.AnnotationMBeanExporter : Bean with name 'environmentManager' has been autodetected for JMX exposure
2018-04-11 13:37:53.628  INFO 1110284 --- [main] org.springframework.jmx.export.annotation.AnnotationMBeanExporter : Bean with name 'configurationPropertiesRebinder' has been autodetected for JMX exposure
2018-04-11 13:37:53.629  INFO 1110284 --- [main] org.springframework.jmx.export.annotation.AnnotationMBeanExporter : Bean with name 'refreshEndpoint' has been autodetected for JMX exposure
2018-04-11 13:37:53.629  INFO 1110284 --- [main] org.springframework.jmx.export.annotation.AnnotationMBeanExporter : Bean with name 'serviceRegistryEndpoint' has been autodetected for JMX exposure
2018-04-11 13:37:53.630  INFO 1110284 --- [main] org.springframework.jmx.export.annotation.AnnotationMBeanExporter : Bean with name 'refreshScope' has been autodetected for JMX exposure
2018-04-11 13:37:53.633  INFO 1110284 --- [main] org.springframework.jmx.export.annotation.AnnotationMBeanExporter : Located managed bean 'environmentManager': registering with JMX server as MBean [org.springframework.cloud.context.environment:name=environmentManager,type=EnvironmentManager]
2018-04-11 13:37:53.645  INFO 1110284 --- [main] org.springframework.jmx.export.annotation.AnnotationMBeanExporter : Located managed bean 'serviceRegistryEndpoint': registering with JMX server as MBean [org.springframework.cloud.client.serviceregistry.endpoint:name=serviceRegistryEndpoint,type=ServiceRegistryEndpoint]
2018-04-11 13:37:53.652  INFO 1110284 --- [main] org.springframework.jmx.export.annotation.AnnotationMBeanExporter : Located managed bean 'refreshScope': registering with JMX server as MBean [org.springframework.cloud.context.scope.refresh:name=refreshScope,type=RefreshScope]
2018-04-11 13:37:53.661  INFO 1110284 --- [main] org.springframework.jmx.export.annotation.AnnotationMBeanExporter : Located managed bean 'configurationPropertiesRebinder': registering with JMX server as MBean [org.springframework.cloud.context.properties:name=configurationPropertiesRebinder,context=3143da67,type=ConfigurationPropertiesRebinder]
2018-04-11 13:37:53.667  INFO 1110284 --- [main] org.springframework.jmx.export.annotation.AnnotationMBeanExporter : Located managed bean 'refreshEndpoint': registering with JMX server as MBean [org.springframework.cloud.endpoint:name=refreshEndpoint,type=RefreshEndpoint]
2018-04-11 13:37:53.873  INFO 1110284 --- [main] org.apache.catalina.core.ContainerBase.[Tomcat].[localhost].[/] : jolokia: No access restrictor found, access to any MBean is allowed
2018-04-11 13:37:53.878  INFO 1110284 --- [main] org.apache.catalina.core.ContainerBase.[Tomcat].[localhost].[/] : jolokia: jolokia:type=Config is already registered. Adding it with jolokia:type=Config,uuid=5bb83c3f-fdbe-4ed1-b62c-b773cc28dd34, but you should revise your setup in order to either use a qualifier or ensure, that only a single agent gets registered (otherwise history functionality might not work)
2018-04-11 13:37:53.878  INFO 1110284 --- [main] org.apache.catalina.core.ContainerBase.[Tomcat].[localhost].[/] : jolokia: Cannot register (legacy) MBean handler for config store with name jmx4perl:type=Config since it already exists. This is the case if another agent has been already started within the same JVM. The registration is skipped.
2018-04-11 13:37:53.879  INFO 1110284 --- [main] org.apache.catalina.core.ContainerBase.[Tomcat].[localhost].[/] : jolokia: Jolokia Discovery MBean registration is skipped because there is already one registered.
2018-04-11 13:37:53.915  INFO 1110284 --- [main] org.springframework.context.support.DefaultLifecycleProcessor : Starting beans in phase 0
2018-04-11 13:37:53.916  INFO 1110284 --- [main] org.springframework.cloud.netflix.eureka.serviceregistry.EurekaServiceRegistry : Registering application finscfw-eureka with eureka with status UP
2018-04-11 13:37:53.950  INFO 1110284 --- [Thread-11] org.springframework.cloud.netflix.eureka.server.EurekaServerBootstrap : Setting the eureka configuration..
2018-04-11 13:37:53.950  INFO 1110284 --- [Thread-11] org.springframework.cloud.netflix.eureka.server.EurekaServerBootstrap : Eureka data center value eureka.datacenter is not set, defaulting to default
2018-04-11 13:37:53.950  INFO 1110284 --- [Thread-11] org.springframework.cloud.netflix.eureka.server.EurekaServerBootstrap : Eureka environment value eureka.environment is not set, defaulting to test
2018-04-11 13:37:53.960  INFO 1110284 --- [Thread-11] org.springframework.cloud.netflix.eureka.server.EurekaServerBootstrap : isAws returned false
2018-04-11 13:37:53.961  INFO 1110284 --- [Thread-11] org.springframework.cloud.netflix.eureka.server.EurekaServerBootstrap : Initialized server context
2018-04-11 13:37:53.961  INFO 1110284 --- [Thread-11] com.netflix.eureka.registry.PeerAwareInstanceRegistryImpl : Got 1 instances from neighboring DS node
2018-04-11 13:37:53.961  INFO 1110284 --- [Thread-11] com.netflix.eureka.registry.PeerAwareInstanceRegistryImpl : Renew threshold is: 1
2018-04-11 13:37:53.961  INFO 1110284 --- [Thread-11] com.netflix.eureka.registry.PeerAwareInstanceRegistryImpl : Changing status to UP
2018-04-11 13:37:53.967  INFO 1110284 --- [Thread-11] org.springframework.cloud.netflix.eureka.server.EurekaServerInitializerConfiguration : Started Eureka Server
2018-04-11 13:37:54.028  INFO 1110284 --- [main] org.springframework.boot.context.embedded.tomcat.TomcatEmbeddedServletContainer : Tomcat started on port(s): 50101 (http)
2018-04-11 13:37:54.029  INFO 1110284 --- [main] org.springframework.cloud.netflix.eureka.serviceregistry.EurekaAutoServiceRegistration : Updating port to 50101
2018-04-11 13:37:54.033  INFO 1110284 --- [main] com.yqjr.fin.scfw.eureka.Application : Started Application in 6.06 seconds (JVM running for 11.016)
2018-04-11 13:37:56.962  INFO 1110284 --- [Eureka-EvictionTimer] com.netflix.eureka.registry.AbstractInstanceRegistry : Running the evict task with compensationTime 0ms
2018-04-11 13:37:59.962  INFO 1110284 --- [Eureka-EvictionTimer] com.netflix.eureka.registry.AbstractInstanceRegistry : Running the evict task with compensationTime 3ms
2018-04-11 13:38:02.962  INFO 1110284 --- [Eureka-EvictionTimer] com.netflix.eureka.registry.AbstractInstanceRegistry : Running the evict task with compensationTime 4ms
2018-04-11 13:38:05.962  INFO 1110284 --- [Eureka-EvictionTimer] com.netflix.eureka.registry.AbstractInstanceRegistry : Running the evict task with compensationTime 4ms
2018-04-11 13:38:08.962  INFO 1110284 --- [Eureka-EvictionTimer] com.netflix.eureka.registry.AbstractInstanceRegistry : Running the evict task with compensationTime 4ms
2018-04-11 13:38:11.962  INFO 1110284 --- [Eureka-EvictionTimer] com.netflix.eureka.registry.AbstractInstanceRegistry : Running the evict task with compensationTime 3ms
2018-04-11 13:38:14.962  INFO 1110284 --- [Eureka-EvictionTimer] com.netflix.eureka.registry.AbstractInstanceRegistry : Running the evict task with compensationTime 4ms
2018-04-11 13:38:16.471  INFO 1110284 --- [http-nio-50101-exec-1] org.apache.catalina.core.ContainerBase.[Tomcat].[localhost].[/] : Initializing Spring FrameworkServlet 'dispatcherServlet'
2018-04-11 13:38:16.471  INFO 1110284 --- [http-nio-50101-exec-1] org.springframework.web.servlet.DispatcherServlet : FrameworkServlet 'dispatcherServlet': initialization started
2018-04-11 13:38:16.485  INFO 1110284 --- [http-nio-50101-exec-1] org.springframework.web.servlet.DispatcherServlet : FrameworkServlet 'dispatcherServlet': initialization completed in 13 ms
2018-04-11 13:38:17.962  INFO 1110284 --- [Eureka-EvictionTimer] com.netflix.eureka.registry.AbstractInstanceRegistry : Running the evict task with compensationTime 4ms
2018-04-11 13:38:20.962  INFO 1110284 --- [Eureka-EvictionTimer] com.netflix.eureka.registry.AbstractInstanceRegistry : Running the evict task with compensationTime 4ms
2018-04-11 13:38:23.962  INFO 1110284 --- [Eureka-EvictionTimer] com.netflix.eureka.registry.AbstractInstanceRegistry : Running the evict task with compensationTime 4ms
2018-04-11 13:38:26.962  INFO 1110284 --- [Eureka-EvictionTimer] com.netflix.eureka.registry.AbstractInstanceRegistry : Running the evict task with compensationTime 4ms
2018-04-11 13:38:29.962  INFO 1110284 --- [Eureka-EvictionTimer] com.netflix.eureka.registry.AbstractInstanceRegistry : Running the evict task with compensationTime 4ms
2018-04-11 13:38:32.962  INFO 1110284 --- [Eureka-EvictionTimer] com.netflix.eureka.registry.AbstractInstanceRegistry : Running the evict task with compensationTime 4ms
2018-04-11 13:38:35.962  INFO 1110284 --- [Eureka-EvictionTimer] com.netflix.eureka.registry.AbstractInstanceRegistry : Running the evict task with compensationTime 4ms
2018-04-11 13:38:38.962  INFO 1110284 --- [Eureka-EvictionTimer] com.netflix.eureka.registry.AbstractInstanceRegistry : Running the evict task with compensationTime 4ms
2018-04-11 13:38:41.962  INFO 1110284 --- [Eureka-EvictionTimer] com.netflix.eureka.registry.AbstractInstanceRegistry : Running the evict task with compensationTime 3ms
2018-04-11 13:38:44.962  INFO 1110284 --- [Eureka-EvictionTimer] com.netflix.eureka.registry.AbstractInstanceRegistry : Running the evict task with compensationTime 4ms
2018-04-11 13:38:47.962  INFO 1110284 --- [Eureka-EvictionTimer] com.netflix.eureka.registry.AbstractInstanceRegistry : Running the evict task with compensationTime 4ms
2018-04-11 13:38:50.962  INFO 1110284 --- [Eureka-EvictionTimer] com.netflix.eureka.registry.AbstractInstanceRegistry : Running the evict task with compensationTime 4ms
2018-04-11 13:38:53.962  INFO 1110284 --- [Eureka-EvictionTimer] com.netflix.eureka.registry.AbstractInstanceRegistry : Running the evict task with compensationTime 3ms
2018-04-11 13:38:56.962  INFO 1110284 --- [Eureka-EvictionTimer] com.netflix.eureka.registry.AbstractInstanceRegistry : Running the evict task with compensationTime 4ms
2018-04-11 13:38:59.962  INFO 1110284 --- [Eureka-EvictionTimer] com.netflix.eureka.registry.AbstractInstanceRegistry : Running the evict task with compensationTime 4ms
2018-04-11 13:39:02.962  INFO 1110284 --- [Eureka-EvictionTimer] com.netflix.eureka.registry.AbstractInstanceRegistry : Running the evict task with compensationTime 4ms
2018-04-11 13:39:05.962  INFO 1110284 --- [Eureka-EvictionTimer] com.netflix.eureka.registry.AbstractInstanceRegistry : Running the evict task with compensationTime 4ms
2018-04-11 13:39:08.962  INFO 1110284 --- [Eureka-EvictionTimer] com.netflix.eureka.registry.AbstractInstanceRegistry : Running the evict task with compensationTime 4ms
2018-04-11 13:39:11.962  INFO 1110284 --- [Eureka-EvictionTimer] com.netflix.eureka.registry.AbstractInstanceRegistry : Running the evict task with compensationTime 4ms
2018-04-11 13:39:14.962  INFO 1110284 --- [Eureka-EvictionTimer] com.netflix.eureka.registry.AbstractInstanceRegistry : Running the evict task with compensationTime 3ms
2018-04-11 13:39:17.962  INFO 1110284 --- [Eureka-EvictionTimer] com.netflix.eureka.registry.AbstractInstanceRegistry : Running the evict task with compensationTime 4ms
2018-04-11 13:39:20.962  INFO 1110284 --- [Eureka-EvictionTimer] com.netflix.eureka.registry.AbstractInstanceRegistry : Running the evict task with compensationTime 4ms
2018-04-11 13:39:23.962  INFO 1110284 --- [Eureka-EvictionTimer] com.netflix.eureka.registry.AbstractInstanceRegistry : Running the evict task with compensationTime 4ms
2018-04-11 13:39:26.962  INFO 1110284 --- [Eureka-EvictionTimer] com.netflix.eureka.registry.AbstractInstanceRegistry : Running the evict task with compensationTime 3ms
2018-04-11 13:39:29.962  INFO 1110284 --- [Eureka-EvictionTimer] com.netflix.eureka.registry.AbstractInstanceRegistry : Running the evict task with compensationTime 4ms
2018-04-11 13:39:32.962  INFO 1110284 --- [Eureka-EvictionTimer] com.netflix.eureka.registry.AbstractInstanceRegistry : Running the evict task with compensationTime 4ms
2018-04-11 13:39:35.962  INFO 1110284 --- [Eureka-EvictionTimer] com.netflix.eureka.registry.AbstractInstanceRegistry : Running the evict task with compensationTime 4ms
2018-04-11 13:39:38.962  INFO 1110284 --- [Eureka-EvictionTimer] com.netflix.eureka.registry.AbstractInstanceRegistry : Running the evict task with compensationTime 4ms
2018-04-11 13:39:41.962  INFO 1110284 --- [Eureka-EvictionTimer] com.netflix.eureka.registry.AbstractInstanceRegistry : Running the evict task with compensationTime 4ms
2018-04-11 13:39:44.962  INFO 1110284 --- [Eureka-EvictionTimer] com.netflix.eureka.registry.AbstractInstanceRegistry : Running the evict task with compensationTime 3ms
2018-04-11 13:39:47.962  INFO 1110284 --- [Eureka-EvictionTimer] com.netflix.eureka.registry.AbstractInstanceRegistry : Running the evict task with compensationTime 4ms
2018-04-11 13:39:50.962  INFO 1110284 --- [Eureka-EvictionTimer] com.netflix.eureka.registry.AbstractInstanceRegistry : Running the evict task with compensationTime 4ms
2018-04-11 13:39:53.962  INFO 1110284 --- [Eureka-EvictionTimer] com.netflix.eureka.registry.AbstractInstanceRegistry : Running the evict task with compensationTime 4ms
2018-04-11 13:40:31.991  INFO 1110652 --- [main] org.springframework.context.annotation.AnnotationConfigApplicationContext : Refreshing org.springframework.context.annotation.AnnotationConfigApplicationContext@4bd9ba1e: startup date [Wed Apr 11 13:40:31 CST 2018]; root of context hierarchy
2018-04-11 13:40:32.187  INFO 1110652 --- [main] org.springframework.beans.factory.annotation.AutowiredAnnotationBeanPostProcessor : JSR-330 'javax.inject.Inject' annotation found and supported for autowiring
2018-04-11 13:40:32.215  INFO 1110652 --- [main] org.springframework.context.support.PostProcessorRegistrationDelegate$BeanPostProcessorChecker : Bean 'configurationPropertiesRebinderAutoConfiguration' of type [org.springframework.cloud.autoconfigure.ConfigurationPropertiesRebinderAutoConfiguration$$EnhancerBySpringCGLIB$$dd2fcd54] is not eligible for getting processed by all BeanPostProcessors (for example: not eligible for auto-proxying)
2018-04-11 13:40:32.570  INFO 1110652 --- [main] com.yqjr.fin.scfw.eureka.Application : No active profile set, falling back to default profiles: default
2018-04-11 13:40:32.582  INFO 1110652 --- [main] org.springframework.boot.context.embedded.AnnotationConfigEmbeddedWebApplicationContext : Refreshing org.springframework.boot.context.embedded.AnnotationConfigEmbeddedWebApplicationContext@483b5ed7: startup date [Wed Apr 11 13:40:32 CST 2018]; parent: org.springframework.context.annotation.AnnotationConfigApplicationContext@4bd9ba1e
2018-04-11 13:40:33.457  INFO 1110652 --- [main] org.springframework.cloud.context.scope.GenericScope : BeanFactory id=c0d00dd1-1274-36f5-bc24-7a49e1db9a19
2018-04-11 13:40:33.474  INFO 1110652 --- [main] org.springframework.beans.factory.annotation.AutowiredAnnotationBeanPostProcessor : JSR-330 'javax.inject.Inject' annotation found and supported for autowiring
2018-04-11 13:40:33.533  INFO 1110652 --- [main] org.springframework.context.support.PostProcessorRegistrationDelegate$BeanPostProcessorChecker : Bean 'org.springframework.cloud.netflix.metrics.MetricsInterceptorConfiguration$MetricsRestTemplateConfiguration' of type [org.springframework.cloud.netflix.metrics.MetricsInterceptorConfiguration$MetricsRestTemplateConfiguration$$EnhancerBySpringCGLIB$$f3427098] is not eligible for getting processed by all BeanPostProcessors (for example: not eligible for auto-proxying)
2018-04-11 13:40:33.541  INFO 1110652 --- [main] org.springframework.context.support.PostProcessorRegistrationDelegate$BeanPostProcessorChecker : Bean 'org.springframework.cloud.autoconfigure.ConfigurationPropertiesRebinderAutoConfiguration' of type [org.springframework.cloud.autoconfigure.ConfigurationPropertiesRebinderAutoConfiguration$$EnhancerBySpringCGLIB$$dd2fcd54] is not eligible for getting processed by all BeanPostProcessors (for example: not eligible for auto-proxying)
2018-04-11 13:40:33.858  INFO 1110652 --- [main] org.springframework.boot.context.embedded.tomcat.TomcatEmbeddedServletContainer : Tomcat initialized with port(s): 50101 (http)
2018-04-11 13:40:33.868  INFO 1110652 --- [main] org.apache.catalina.core.StandardService : Starting service [Tomcat]
2018-04-11 13:40:33.869  INFO 1110652 --- [main] org.apache.catalina.core.StandardEngine : Starting Servlet Engine: Apache Tomcat/8.5.23
2018-04-11 13:40:33.944  INFO 1110652 --- [localhost-startStop-1] org.apache.catalina.core.ContainerBase.[Tomcat].[localhost].[/] : Initializing Spring embedded WebApplicationContext
2018-04-11 13:40:33.945  INFO 1110652 --- [localhost-startStop-1] org.springframework.web.context.ContextLoader : Root WebApplicationContext: initialization completed in 1363 ms
2018-04-11 13:40:34.454  INFO 1110652 --- [localhost-startStop-1] org.springframework.boot.web.servlet.FilterRegistrationBean : Mapping filter: 'metricsFilter' to: [/*]
2018-04-11 13:40:34.454  INFO 1110652 --- [localhost-startStop-1] org.springframework.boot.web.servlet.FilterRegistrationBean : Mapping filter: 'characterEncodingFilter' to: [/*]
2018-04-11 13:40:34.454  INFO 1110652 --- [localhost-startStop-1] org.springframework.boot.web.servlet.FilterRegistrationBean : Mapping filter: 'hiddenHttpMethodFilter' to: [/*]
2018-04-11 13:40:34.455  INFO 1110652 --- [localhost-startStop-1] org.springframework.boot.web.servlet.FilterRegistrationBean : Mapping filter: 'httpPutFormContentFilter' to: [/*]
2018-04-11 13:40:34.455  INFO 1110652 --- [localhost-startStop-1] org.springframework.boot.web.servlet.FilterRegistrationBean : Mapping filter: 'requestContextFilter' to: [/*]
2018-04-11 13:40:34.455  INFO 1110652 --- [localhost-startStop-1] org.springframework.boot.web.servlet.FilterRegistrationBean : Mapping filter: 'webRequestTraceFilter' to: [/*]
2018-04-11 13:40:34.455  INFO 1110652 --- [localhost-startStop-1] org.springframework.boot.web.servlet.FilterRegistrationBean : Mapping filter: 'servletContainer' to urls: [/eureka/*]
2018-04-11 13:40:34.456  INFO 1110652 --- [localhost-startStop-1] org.springframework.boot.web.servlet.FilterRegistrationBean : Mapping filter: 'applicationContextIdFilter' to: [/*]
2018-04-11 13:40:34.456  INFO 1110652 --- [localhost-startStop-1] org.springframework.boot.web.servlet.ServletRegistrationBean : Mapping servlet: 'dispatcherServlet' to [/]
2018-04-11 13:40:34.529  INFO 1110652 --- [localhost-startStop-1] com.sun.jersey.server.impl.application.WebApplicationImpl : Initiating Jersey application, version 'Jersey: 1.19.1 03/11/2016 02:08 PM'
2018-04-11 13:40:34.584  INFO 1110652 --- [localhost-startStop-1] com.netflix.discovery.provider.DiscoveryJerseyProvider : Using JSON encoding codec LegacyJacksonJson
2018-04-11 13:40:34.585  INFO 1110652 --- [localhost-startStop-1] com.netflix.discovery.provider.DiscoveryJerseyProvider : Using JSON decoding codec LegacyJacksonJson
2018-04-11 13:40:34.690  INFO 1110652 --- [localhost-startStop-1] com.netflix.discovery.provider.DiscoveryJerseyProvider : Using XML encoding codec XStreamXml
2018-04-11 13:40:34.691  INFO 1110652 --- [localhost-startStop-1] com.netflix.discovery.provider.DiscoveryJerseyProvider : Using XML decoding codec XStreamXml
2018-04-11 13:40:35.369  WARN 1110652 --- [main] com.netflix.config.sources.URLConfigurationSource : No URLs will be polled as dynamic configuration sources.
2018-04-11 13:40:35.370  INFO 1110652 --- [main] com.netflix.config.sources.URLConfigurationSource : To enable URLs as dynamic configuration sources, define System property archaius.configurationSource.additionalUrls or make config.properties available on classpath.
2018-04-11 13:40:35.377  WARN 1110652 --- [main] com.netflix.config.sources.URLConfigurationSource : No URLs will be polled as dynamic configuration sources.
2018-04-11 13:40:35.378  INFO 1110652 --- [main] com.netflix.config.sources.URLConfigurationSource : To enable URLs as dynamic configuration sources, define System property archaius.configurationSource.additionalUrls or make config.properties available on classpath.
2018-04-11 13:40:35.513  INFO 1110652 --- [main] org.apache.catalina.core.ContainerBase.[Tomcat].[localhost].[/] : jolokia: No access restrictor found, access to any MBean is allowed
2018-04-11 13:40:35.726  INFO 1110652 --- [main] org.springframework.web.servlet.mvc.method.annotation.RequestMappingHandlerAdapter : Looking for @ControllerAdvice: org.springframework.boot.context.embedded.AnnotationConfigEmbeddedWebApplicationContext@483b5ed7: startup date [Wed Apr 11 13:40:32 CST 2018]; parent: org.springframework.context.annotation.AnnotationConfigApplicationContext@4bd9ba1e
2018-04-11 13:40:35.825  INFO 1110652 --- [main] org.springframework.web.servlet.mvc.method.annotation.RequestMappingHandlerMapping : Mapped "{[/error]}" onto public org.springframework.http.ResponseEntity<java.util.Map<java.lang.String, java.lang.Object>> org.springframework.boot.autoconfigure.web.BasicErrorController.error(javax.servlet.http.HttpServletRequest)
2018-04-11 13:40:35.826  INFO 1110652 --- [main] org.springframework.web.servlet.mvc.method.annotation.RequestMappingHandlerMapping : Mapped "{[/error],produces=[text/html]}" onto public org.springframework.web.servlet.ModelAndView org.springframework.boot.autoconfigure.web.BasicErrorController.errorHtml(javax.servlet.http.HttpServletRequest,javax.servlet.http.HttpServletResponse)
2018-04-11 13:40:35.830  INFO 1110652 --- [main] org.springframework.web.servlet.mvc.method.annotation.RequestMappingHandlerMapping : Mapped "{[/],methods=[GET]}" onto public java.lang.String org.springframework.cloud.netflix.eureka.server.EurekaController.status(javax.servlet.http.HttpServletRequest,java.util.Map<java.lang.String, java.lang.Object>)
2018-04-11 13:40:35.831  INFO 1110652 --- [main] org.springframework.web.servlet.mvc.method.annotation.RequestMappingHandlerMapping : Mapped "{[/lastn],methods=[GET]}" onto public java.lang.String org.springframework.cloud.netflix.eureka.server.EurekaController.lastn(javax.servlet.http.HttpServletRequest,java.util.Map<java.lang.String, java.lang.Object>)
2018-04-11 13:40:35.856  INFO 1110652 --- [main] org.springframework.web.servlet.handler.SimpleUrlHandlerMapping : Mapped URL path [/webjars/**] onto handler of type [class org.springframework.web.servlet.resource.ResourceHttpRequestHandler]
2018-04-11 13:40:35.857  INFO 1110652 --- [main] org.springframework.web.servlet.handler.SimpleUrlHandlerMapping : Mapped URL path [/**] onto handler of type [class org.springframework.web.servlet.resource.ResourceHttpRequestHandler]
2018-04-11 13:40:35.897  INFO 1110652 --- [main] org.springframework.web.servlet.handler.SimpleUrlHandlerMapping : Mapped URL path [/**/favicon.ico] onto handler of type [class org.springframework.web.servlet.resource.ResourceHttpRequestHandler]
2018-04-11 13:40:36.539  INFO 1110652 --- [main] org.springframework.boot.actuate.endpoint.mvc.EndpointHandlerMapping : Mapped "{[/jolokia/**]}" onto public org.springframework.web.servlet.ModelAndView org.springframework.boot.actuate.endpoint.mvc.JolokiaMvcEndpoint.handle(javax.servlet.http.HttpServletRequest,javax.servlet.http.HttpServletResponse) throws java.lang.Exception
2018-04-11 13:40:36.541  INFO 1110652 --- [main] org.springframework.boot.actuate.endpoint.mvc.EndpointHandlerMapping : Mapped "{[/loggers/{name:.*}],methods=[GET],produces=[application/vnd.spring-boot.actuator.v1+json || application/json]}" onto public java.lang.Object org.springframework.boot.actuate.endpoint.mvc.LoggersMvcEndpoint.get(java.lang.String)
2018-04-11 13:40:36.542  INFO 1110652 --- [main] org.springframework.boot.actuate.endpoint.mvc.EndpointHandlerMapping : Mapped "{[/loggers/{name:.*}],methods=[POST],consumes=[application/vnd.spring-boot.actuator.v1+json || application/json],produces=[application/vnd.spring-boot.actuator.v1+json || application/json]}" onto public java.lang.Object org.springframework.boot.actuate.endpoint.mvc.LoggersMvcEndpoint.set(java.lang.String,java.util.Map<java.lang.String, java.lang.String>)
2018-04-11 13:40:36.542  INFO 1110652 --- [main] org.springframework.boot.actuate.endpoint.mvc.EndpointHandlerMapping : Mapped "{[/loggers || /loggers.json],methods=[GET],produces=[application/vnd.spring-boot.actuator.v1+json || application/json]}" onto public java.lang.Object org.springframework.boot.actuate.endpoint.mvc.EndpointMvcAdapter.invoke()
2018-04-11 13:40:36.543  INFO 1110652 --- [main] org.springframework.boot.actuate.endpoint.mvc.EndpointHandlerMapping : Mapped "{[/refresh || /refresh.json],methods=[POST]}" onto public java.lang.Object org.springframework.cloud.endpoint.GenericPostableMvcEndpoint.invoke()
2018-04-11 13:40:36.543  INFO 1110652 --- [main] org.springframework.boot.actuate.endpoint.mvc.EndpointHandlerMapping : Mapped "{[/archaius || /archaius.json],methods=[GET],produces=[application/vnd.spring-boot.actuator.v1+json || application/json]}" onto public java.lang.Object org.springframework.boot.actuate.endpoint.mvc.EndpointMvcAdapter.invoke()
2018-04-11 13:40:36.544  INFO 1110652 --- [main] org.springframework.boot.actuate.endpoint.mvc.EndpointHandlerMapping : Mapped "{[/metrics/{name:.*}],methods=[GET],produces=[application/vnd.spring-boot.actuator.v1+json || application/json]}" onto public java.lang.Object org.springframework.boot.actuate.endpoint.mvc.MetricsMvcEndpoint.value(java.lang.String)
2018-04-11 13:40:36.544  INFO 1110652 --- [main] org.springframework.boot.actuate.endpoint.mvc.EndpointHandlerMapping : Mapped "{[/metrics || /metrics.json],methods=[GET],produces=[application/vnd.spring-boot.actuator.v1+json || application/json]}" onto public java.lang.Object org.springframework.boot.actuate.endpoint.mvc.EndpointMvcAdapter.invoke()
2018-04-11 13:40:36.546  INFO 1110652 --- [main] org.springframework.boot.actuate.endpoint.mvc.EndpointHandlerMapping : Mapped "{[/env/{name:.*}],methods=[GET],produces=[application/vnd.spring-boot.actuator.v1+json || application/json]}" onto public java.lang.Object org.springframework.boot.actuate.endpoint.mvc.EnvironmentMvcEndpoint.value(java.lang.String)
2018-04-11 13:40:36.547  INFO 1110652 --- [main] org.springframework.boot.actuate.endpoint.mvc.EndpointHandlerMapping : Mapped "{[/env || /env.json],methods=[GET],produces=[application/vnd.spring-boot.actuator.v1+json || application/json]}" onto public java.lang.Object org.springframework.boot.actuate.endpoint.mvc.EndpointMvcAdapter.invoke()
2018-04-11 13:40:36.548  INFO 1110652 --- [main] org.springframework.boot.actuate.endpoint.mvc.EndpointHandlerMapping : Mapped "{[/health || /health.json],methods=[GET],produces=[application/vnd.spring-boot.actuator.v1+json || application/json]}" onto public java.lang.Object org.springframework.boot.actuate.endpoint.mvc.HealthMvcEndpoint.invoke(javax.servlet.http.HttpServletRequest,java.security.Principal)
2018-04-11 13:40:36.548  INFO 1110652 --- [main] org.springframework.boot.actuate.endpoint.mvc.EndpointHandlerMapping : Mapped "{[/dump || /dump.json],methods=[GET],produces=[application/vnd.spring-boot.actuator.v1+json || application/json]}" onto public java.lang.Object org.springframework.boot.actuate.endpoint.mvc.EndpointMvcAdapter.invoke()
2018-04-11 13:40:36.549  INFO 1110652 --- [main] org.springframework.boot.actuate.endpoint.mvc.EndpointHandlerMapping : Mapped "{[/heapdump || /heapdump.json],methods=[GET],produces=[application/octet-stream]}" onto public void org.springframework.boot.actuate.endpoint.mvc.HeapdumpMvcEndpoint.invoke(boolean,javax.servlet.http.HttpServletRequest,javax.servlet.http.HttpServletResponse) throws java.io.IOException,javax.servlet.ServletException
2018-04-11 13:40:36.549  INFO 1110652 --- [main] org.springframework.boot.actuate.endpoint.mvc.EndpointHandlerMapping : Mapped "{[/beans || /beans.json],methods=[GET],produces=[application/vnd.spring-boot.actuator.v1+json || application/json]}" onto public java.lang.Object org.springframework.boot.actuate.endpoint.mvc.EndpointMvcAdapter.invoke()
2018-04-11 13:40:36.550  INFO 1110652 --- [main] org.springframework.boot.actuate.endpoint.mvc.EndpointHandlerMapping : Mapped "{[/autoconfig || /autoconfig.json],methods=[GET],produces=[application/vnd.spring-boot.actuator.v1+json || application/json]}" onto public java.lang.Object org.springframework.boot.actuate.endpoint.mvc.EndpointMvcAdapter.invoke()
2018-04-11 13:40:36.550  INFO 1110652 --- [main] org.springframework.boot.actuate.endpoint.mvc.EndpointHandlerMapping : Mapped "{[/configprops || /configprops.json],methods=[GET],produces=[application/vnd.spring-boot.actuator.v1+json || application/json]}" onto public java.lang.Object org.springframework.boot.actuate.endpoint.mvc.EndpointMvcAdapter.invoke()
2018-04-11 13:40:36.551  INFO 1110652 --- [main] org.springframework.boot.actuate.endpoint.mvc.EndpointHandlerMapping : Mapped "{[/service-registry/instance-status],methods=[GET]}" onto public org.springframework.http.ResponseEntity org.springframework.cloud.client.serviceregistry.endpoint.ServiceRegistryEndpoint.getStatus()
2018-04-11 13:40:36.551  INFO 1110652 --- [main] org.springframework.boot.actuate.endpoint.mvc.EndpointHandlerMapping : Mapped "{[/service-registry/instance-status],methods=[POST]}" onto public org.springframework.http.ResponseEntity<?> org.springframework.cloud.client.serviceregistry.endpoint.ServiceRegistryEndpoint.setStatus(java.lang.String)
2018-04-11 13:40:36.551  INFO 1110652 --- [main] org.springframework.boot.actuate.endpoint.mvc.EndpointHandlerMapping : Mapped "{[/info || /info.json],methods=[GET],produces=[application/vnd.spring-boot.actuator.v1+json || application/json]}" onto public java.lang.Object org.springframework.boot.actuate.endpoint.mvc.EndpointMvcAdapter.invoke()
2018-04-11 13:40:36.552  INFO 1110652 --- [main] org.springframework.boot.actuate.endpoint.mvc.EndpointHandlerMapping : Mapped "{[/auditevents || /auditevents.json],methods=[GET],produces=[application/vnd.spring-boot.actuator.v1+json || application/json]}" onto public org.springframework.http.ResponseEntity<?> org.springframework.boot.actuate.endpoint.mvc.AuditEventsMvcEndpoint.findByPrincipalAndAfterAndType(java.lang.String,java.util.Date,java.lang.String)
2018-04-11 13:40:36.552  INFO 1110652 --- [main] org.springframework.boot.actuate.endpoint.mvc.EndpointHandlerMapping : Mapped "{[/trace || /trace.json],methods=[GET],produces=[application/vnd.spring-boot.actuator.v1+json || application/json]}" onto public java.lang.Object org.springframework.boot.actuate.endpoint.mvc.EndpointMvcAdapter.invoke()
2018-04-11 13:40:36.553  INFO 1110652 --- [main] org.springframework.boot.actuate.endpoint.mvc.EndpointHandlerMapping : Mapped "{[/features || /features.json],methods=[GET],produces=[application/vnd.spring-boot.actuator.v1+json || application/json]}" onto public java.lang.Object org.springframework.boot.actuate.endpoint.mvc.EndpointMvcAdapter.invoke()
2018-04-11 13:40:36.553  INFO 1110652 --- [main] org.springframework.boot.actuate.endpoint.mvc.EndpointHandlerMapping : Mapped "{[/mappings || /mappings.json],methods=[GET],produces=[application/vnd.spring-boot.actuator.v1+json || application/json]}" onto public java.lang.Object org.springframework.boot.actuate.endpoint.mvc.EndpointMvcAdapter.invoke()
2018-04-11 13:40:36.554  INFO 1110652 --- [main] org.springframework.boot.actuate.endpoint.mvc.EndpointHandlerMapping : Mapped "{[/env],methods=[POST]}" onto public java.lang.Object org.springframework.cloud.context.environment.EnvironmentManagerMvcEndpoint.value(java.util.Map<java.lang.String, java.lang.String>)
2018-04-11 13:40:36.554  INFO 1110652 --- [main] org.springframework.boot.actuate.endpoint.mvc.EndpointHandlerMapping : Mapped "{[/env/reset],methods=[POST]}" onto public java.util.Map<java.lang.String, java.lang.Object> org.springframework.cloud.context.environment.EnvironmentManagerMvcEndpoint.reset()
2018-04-11 13:40:36.650  INFO 1110652 --- [main] org.springframework.ui.freemarker.SpringTemplateLoader : SpringTemplateLoader for FreeMarker: using resource loader [org.springframework.boot.context.embedded.AnnotationConfigEmbeddedWebApplicationContext@483b5ed7: startup date [Wed Apr 11 13:40:32 CST 2018]; parent: org.springframework.context.annotation.AnnotationConfigApplicationContext@4bd9ba1e] and template loader path [classpath:/templates/]
2018-04-11 13:40:36.651  INFO 1110652 --- [main] org.springframework.web.servlet.view.freemarker.FreeMarkerConfigurer : ClassTemplateLoader for Spring macros added to FreeMarker configuration
2018-04-11 13:40:36.766  INFO 1110652 --- [main] org.springframework.cloud.netflix.eureka.InstanceInfoFactory : Setting initial instance status as: STARTING
2018-04-11 13:40:36.801  INFO 1110652 --- [main] com.netflix.discovery.DiscoveryClient : Initializing Eureka in region us-east-1
2018-04-11 13:40:36.802  INFO 1110652 --- [main] com.netflix.discovery.DiscoveryClient : Client configured to neither register nor query for data.
2018-04-11 13:40:36.809  INFO 1110652 --- [main] com.netflix.discovery.DiscoveryClient : Discovery Client initialized at timestamp 1523425236809 with initial instances count: 0
2018-04-11 13:40:36.850  INFO 1110652 --- [main] com.netflix.eureka.DefaultEurekaServerContext : Initializing ...
2018-04-11 13:40:36.853  WARN 1110652 --- [main] com.netflix.eureka.cluster.PeerEurekaNodes : The replica size seems to be empty. Check the route 53 DNS Registry
2018-04-11 13:40:36.865  INFO 1110652 --- [main] com.netflix.eureka.registry.AbstractInstanceRegistry : Finished initializing remote region registries. All known remote regions: []
2018-04-11 13:40:36.865  INFO 1110652 --- [main] com.netflix.eureka.DefaultEurekaServerContext : Initialized
2018-04-11 13:40:36.917  INFO 1110652 --- [main] org.springframework.jmx.export.annotation.AnnotationMBeanExporter : Registering beans for JMX exposure on startup
2018-04-11 13:40:36.926  INFO 1110652 --- [main] org.springframework.jmx.export.annotation.AnnotationMBeanExporter : Bean with name 'environmentManager' has been autodetected for JMX exposure
2018-04-11 13:40:36.927  INFO 1110652 --- [main] org.springframework.jmx.export.annotation.AnnotationMBeanExporter : Bean with name 'configurationPropertiesRebinder' has been autodetected for JMX exposure
2018-04-11 13:40:36.928  INFO 1110652 --- [main] org.springframework.jmx.export.annotation.AnnotationMBeanExporter : Bean with name 'refreshEndpoint' has been autodetected for JMX exposure
2018-04-11 13:40:36.929  INFO 1110652 --- [main] org.springframework.jmx.export.annotation.AnnotationMBeanExporter : Bean with name 'serviceRegistryEndpoint' has been autodetected for JMX exposure
2018-04-11 13:40:36.929  INFO 1110652 --- [main] org.springframework.jmx.export.annotation.AnnotationMBeanExporter : Bean with name 'refreshScope' has been autodetected for JMX exposure
2018-04-11 13:40:36.931  INFO 1110652 --- [main] org.springframework.jmx.export.annotation.AnnotationMBeanExporter : Located managed bean 'environmentManager': registering with JMX server as MBean [org.springframework.cloud.context.environment:name=environmentManager,type=EnvironmentManager]
2018-04-11 13:40:36.943  INFO 1110652 --- [main] org.springframework.jmx.export.annotation.AnnotationMBeanExporter : Located managed bean 'serviceRegistryEndpoint': registering with JMX server as MBean [org.springframework.cloud.client.serviceregistry.endpoint:name=serviceRegistryEndpoint,type=ServiceRegistryEndpoint]
2018-04-11 13:40:36.949  INFO 1110652 --- [main] org.springframework.jmx.export.annotation.AnnotationMBeanExporter : Located managed bean 'refreshScope': registering with JMX server as MBean [org.springframework.cloud.context.scope.refresh:name=refreshScope,type=RefreshScope]
2018-04-11 13:40:36.957  INFO 1110652 --- [main] org.springframework.jmx.export.annotation.AnnotationMBeanExporter : Located managed bean 'configurationPropertiesRebinder': registering with JMX server as MBean [org.springframework.cloud.context.properties:name=configurationPropertiesRebinder,context=483b5ed7,type=ConfigurationPropertiesRebinder]
2018-04-11 13:40:36.962  INFO 1110652 --- [main] org.springframework.jmx.export.annotation.AnnotationMBeanExporter : Located managed bean 'refreshEndpoint': registering with JMX server as MBean [org.springframework.cloud.endpoint:name=refreshEndpoint,type=RefreshEndpoint]
2018-04-11 13:40:37.168  INFO 1110652 --- [main] org.apache.catalina.core.ContainerBase.[Tomcat].[localhost].[/] : jolokia: No access restrictor found, access to any MBean is allowed
2018-04-11 13:40:37.173  INFO 1110652 --- [main] org.apache.catalina.core.ContainerBase.[Tomcat].[localhost].[/] : jolokia: jolokia:type=Config is already registered. Adding it with jolokia:type=Config,uuid=3f15fd2a-6c53-481e-9303-7eed24f6c196, but you should revise your setup in order to either use a qualifier or ensure, that only a single agent gets registered (otherwise history functionality might not work)
2018-04-11 13:40:37.174  INFO 1110652 --- [main] org.apache.catalina.core.ContainerBase.[Tomcat].[localhost].[/] : jolokia: Cannot register (legacy) MBean handler for config store with name jmx4perl:type=Config since it already exists. This is the case if another agent has been already started within the same JVM. The registration is skipped.
2018-04-11 13:40:37.175  INFO 1110652 --- [main] org.apache.catalina.core.ContainerBase.[Tomcat].[localhost].[/] : jolokia: Jolokia Discovery MBean registration is skipped because there is already one registered.
2018-04-11 13:40:37.214  INFO 1110652 --- [main] org.springframework.context.support.DefaultLifecycleProcessor : Starting beans in phase 0
2018-04-11 13:40:37.214  INFO 1110652 --- [main] org.springframework.cloud.netflix.eureka.serviceregistry.EurekaServiceRegistry : Registering application finscfw-eureka with eureka with status UP
2018-04-11 13:40:37.254  INFO 1110652 --- [Thread-11] org.springframework.cloud.netflix.eureka.server.EurekaServerBootstrap : Setting the eureka configuration..
2018-04-11 13:40:37.254  INFO 1110652 --- [Thread-11] org.springframework.cloud.netflix.eureka.server.EurekaServerBootstrap : Eureka data center value eureka.datacenter is not set, defaulting to default
2018-04-11 13:40:37.254  INFO 1110652 --- [Thread-11] org.springframework.cloud.netflix.eureka.server.EurekaServerBootstrap : Eureka environment value eureka.environment is not set, defaulting to test
2018-04-11 13:40:37.264  INFO 1110652 --- [Thread-11] org.springframework.cloud.netflix.eureka.server.EurekaServerBootstrap : isAws returned false
2018-04-11 13:40:37.265  INFO 1110652 --- [Thread-11] org.springframework.cloud.netflix.eureka.server.EurekaServerBootstrap : Initialized server context
2018-04-11 13:40:37.265  INFO 1110652 --- [Thread-11] com.netflix.eureka.registry.PeerAwareInstanceRegistryImpl : Got 1 instances from neighboring DS node
2018-04-11 13:40:37.265  INFO 1110652 --- [Thread-11] com.netflix.eureka.registry.PeerAwareInstanceRegistryImpl : Renew threshold is: 1
2018-04-11 13:40:37.265  INFO 1110652 --- [Thread-11] com.netflix.eureka.registry.PeerAwareInstanceRegistryImpl : Changing status to UP
2018-04-11 13:40:37.272  INFO 1110652 --- [Thread-11] org.springframework.cloud.netflix.eureka.server.EurekaServerInitializerConfiguration : Started Eureka Server
2018-04-11 13:40:37.344  INFO 1110652 --- [main] org.springframework.boot.context.embedded.tomcat.TomcatEmbeddedServletContainer : Tomcat started on port(s): 50101 (http)
2018-04-11 13:40:37.345  INFO 1110652 --- [main] org.springframework.cloud.netflix.eureka.serviceregistry.EurekaAutoServiceRegistration : Updating port to 50101
2018-04-11 13:40:37.350  INFO 1110652 --- [main] com.yqjr.fin.scfw.eureka.Application : Started Application in 5.973 seconds (JVM running for 10.789)
2018-04-11 13:40:40.266  INFO 1110652 --- [Eureka-EvictionTimer] com.netflix.eureka.registry.AbstractInstanceRegistry : Running the evict task with compensationTime 0ms
2018-04-11 13:40:43.266  INFO 1110652 --- [Eureka-EvictionTimer] com.netflix.eureka.registry.AbstractInstanceRegistry : Running the evict task with compensationTime 3ms
2018-04-11 13:40:43.573  INFO 1110652 --- [http-nio-50101-exec-1] org.apache.catalina.core.ContainerBase.[Tomcat].[localhost].[/] : Initializing Spring FrameworkServlet 'dispatcherServlet'
2018-04-11 13:40:43.574  INFO 1110652 --- [http-nio-50101-exec-1] org.springframework.web.servlet.DispatcherServlet : FrameworkServlet 'dispatcherServlet': initialization started
2018-04-11 13:40:43.588  INFO 1110652 --- [http-nio-50101-exec-1] org.springframework.web.servlet.DispatcherServlet : FrameworkServlet 'dispatcherServlet': initialization completed in 14 ms
2018-04-11 13:40:46.266  INFO 1110652 --- [Eureka-EvictionTimer] com.netflix.eureka.registry.AbstractInstanceRegistry : Running the evict task with compensationTime 4ms
2018-04-11 13:40:49.266  INFO 1110652 --- [Eureka-EvictionTimer] com.netflix.eureka.registry.AbstractInstanceRegistry : Running the evict task with compensationTime 4ms
2018-04-11 13:40:52.266  INFO 1110652 --- [Eureka-EvictionTimer] com.netflix.eureka.registry.AbstractInstanceRegistry : Running the evict task with compensationTime 3ms
2018-04-11 13:40:55.266  INFO 1110652 --- [Eureka-EvictionTimer] com.netflix.eureka.registry.AbstractInstanceRegistry : Running the evict task with compensationTime 4ms
2018-04-11 13:40:58.266  INFO 1110652 --- [Eureka-EvictionTimer] com.netflix.eureka.registry.AbstractInstanceRegistry : Running the evict task with compensationTime 4ms
2018-04-11 13:41:01.266  INFO 1110652 --- [Eureka-EvictionTimer] com.netflix.eureka.registry.AbstractInstanceRegistry : Running the evict task with compensationTime 4ms
2018-04-11 13:41:43.383  INFO 1108780 --- [main] org.springframework.context.annotation.AnnotationConfigApplicationContext : Refreshing org.springframework.context.annotation.AnnotationConfigApplicationContext@39b20206: startup date [Wed Apr 11 13:41:43 CST 2018]; root of context hierarchy
2018-04-11 13:41:43.610  INFO 1108780 --- [main] org.springframework.beans.factory.annotation.AutowiredAnnotationBeanPostProcessor : JSR-330 'javax.inject.Inject' annotation found and supported for autowiring
2018-04-11 13:41:43.645  INFO 1108780 --- [main] org.springframework.context.support.PostProcessorRegistrationDelegate$BeanPostProcessorChecker : Bean 'configurationPropertiesRebinderAutoConfiguration' of type [org.springframework.cloud.autoconfigure.ConfigurationPropertiesRebinderAutoConfiguration$$EnhancerBySpringCGLIB$$b0b25821] is not eligible for getting processed by all BeanPostProcessors (for example: not eligible for auto-proxying)
2018-04-11 13:41:43.992  INFO 1108780 --- [main] com.yqjr.fin.scfw.eureka.Application : No active profile set, falling back to default profiles: default
2018-04-11 13:41:44.005  INFO 1108780 --- [main] org.springframework.boot.context.embedded.AnnotationConfigEmbeddedWebApplicationContext : Refreshing org.springframework.boot.context.embedded.AnnotationConfigEmbeddedWebApplicationContext@670266e8: startup date [Wed Apr 11 13:41:44 CST 2018]; parent: org.springframework.context.annotation.AnnotationConfigApplicationContext@39b20206
2018-04-11 13:41:44.816  INFO 1108780 --- [main] org.springframework.cloud.context.scope.GenericScope : BeanFactory id=c0d00dd1-1274-36f5-bc24-7a49e1db9a19
2018-04-11 13:41:44.833  INFO 1108780 --- [main] org.springframework.beans.factory.annotation.AutowiredAnnotationBeanPostProcessor : JSR-330 'javax.inject.Inject' annotation found and supported for autowiring
2018-04-11 13:41:44.887  INFO 1108780 --- [main] org.springframework.context.support.PostProcessorRegistrationDelegate$BeanPostProcessorChecker : Bean 'org.springframework.cloud.netflix.metrics.MetricsInterceptorConfiguration$MetricsRestTemplateConfiguration' of type [org.springframework.cloud.netflix.metrics.MetricsInterceptorConfiguration$MetricsRestTemplateConfiguration$$EnhancerBySpringCGLIB$$c6c4fb65] is not eligible for getting processed by all BeanPostProcessors (for example: not eligible for auto-proxying)
2018-04-11 13:41:44.896  INFO 1108780 --- [main] org.springframework.context.support.PostProcessorRegistrationDelegate$BeanPostProcessorChecker : Bean 'org.springframework.cloud.autoconfigure.ConfigurationPropertiesRebinderAutoConfiguration' of type [org.springframework.cloud.autoconfigure.ConfigurationPropertiesRebinderAutoConfiguration$$EnhancerBySpringCGLIB$$b0b25821] is not eligible for getting processed by all BeanPostProcessors (for example: not eligible for auto-proxying)
2018-04-11 13:41:45.198  INFO 1108780 --- [main] org.springframework.boot.context.embedded.tomcat.TomcatEmbeddedServletContainer : Tomcat initialized with port(s): 50105 (http)
2018-04-11 13:41:45.207  INFO 1108780 --- [main] org.apache.catalina.core.StandardService : Starting service [Tomcat]
2018-04-11 13:41:45.208  INFO 1108780 --- [main] org.apache.catalina.core.StandardEngine : Starting Servlet Engine: Apache Tomcat/8.5.23
2018-04-11 13:41:45.278  INFO 1108780 --- [localhost-startStop-1] org.apache.catalina.core.ContainerBase.[Tomcat].[localhost].[/] : Initializing Spring embedded WebApplicationContext
2018-04-11 13:41:45.279  INFO 1108780 --- [localhost-startStop-1] org.springframework.web.context.ContextLoader : Root WebApplicationContext: initialization completed in 1275 ms
2018-04-11 13:41:45.798  INFO 1108780 --- [localhost-startStop-1] org.springframework.boot.web.servlet.FilterRegistrationBean : Mapping filter: 'metricsFilter' to: [/*]
2018-04-11 13:41:45.798  INFO 1108780 --- [localhost-startStop-1] org.springframework.boot.web.servlet.FilterRegistrationBean : Mapping filter: 'characterEncodingFilter' to: [/*]
2018-04-11 13:41:45.798  INFO 1108780 --- [localhost-startStop-1] org.springframework.boot.web.servlet.FilterRegistrationBean : Mapping filter: 'hiddenHttpMethodFilter' to: [/*]
2018-04-11 13:41:45.798  INFO 1108780 --- [localhost-startStop-1] org.springframework.boot.web.servlet.FilterRegistrationBean : Mapping filter: 'httpPutFormContentFilter' to: [/*]
2018-04-11 13:41:45.798  INFO 1108780 --- [localhost-startStop-1] org.springframework.boot.web.servlet.FilterRegistrationBean : Mapping filter: 'requestContextFilter' to: [/*]
2018-04-11 13:41:45.799  INFO 1108780 --- [localhost-startStop-1] org.springframework.boot.web.servlet.FilterRegistrationBean : Mapping filter: 'webRequestTraceFilter' to: [/*]
2018-04-11 13:41:45.799  INFO 1108780 --- [localhost-startStop-1] org.springframework.boot.web.servlet.FilterRegistrationBean : Mapping filter: 'servletContainer' to urls: [/eureka/*]
2018-04-11 13:41:45.799  INFO 1108780 --- [localhost-startStop-1] org.springframework.boot.web.servlet.FilterRegistrationBean : Mapping filter: 'applicationContextIdFilter' to: [/*]
2018-04-11 13:41:45.799  INFO 1108780 --- [localhost-startStop-1] org.springframework.boot.web.servlet.ServletRegistrationBean : Mapping servlet: 'dispatcherServlet' to [/]
2018-04-11 13:41:45.871  INFO 1108780 --- [localhost-startStop-1] com.sun.jersey.server.impl.application.WebApplicationImpl : Initiating Jersey application, version 'Jersey: 1.19.1 03/11/2016 02:08 PM'
2018-04-11 13:41:45.935  INFO 1108780 --- [localhost-startStop-1] com.netflix.discovery.provider.DiscoveryJerseyProvider : Using JSON encoding codec LegacyJacksonJson
2018-04-11 13:41:45.937  INFO 1108780 --- [localhost-startStop-1] com.netflix.discovery.provider.DiscoveryJerseyProvider : Using JSON decoding codec LegacyJacksonJson
2018-04-11 13:41:46.034  INFO 1108780 --- [localhost-startStop-1] com.netflix.discovery.provider.DiscoveryJerseyProvider : Using XML encoding codec XStreamXml
2018-04-11 13:41:46.034  INFO 1108780 --- [localhost-startStop-1] com.netflix.discovery.provider.DiscoveryJerseyProvider : Using XML decoding codec XStreamXml
2018-04-11 13:41:46.699  WARN 1108780 --- [main] com.netflix.config.sources.URLConfigurationSource : No URLs will be polled as dynamic configuration sources.
2018-04-11 13:41:46.700  INFO 1108780 --- [main] com.netflix.config.sources.URLConfigurationSource : To enable URLs as dynamic configuration sources, define System property archaius.configurationSource.additionalUrls or make config.properties available on classpath.
2018-04-11 13:41:46.706  WARN 1108780 --- [main] com.netflix.config.sources.URLConfigurationSource : No URLs will be polled as dynamic configuration sources.
2018-04-11 13:41:46.707  INFO 1108780 --- [main] com.netflix.config.sources.URLConfigurationSource : To enable URLs as dynamic configuration sources, define System property archaius.configurationSource.additionalUrls or make config.properties available on classpath.
2018-04-11 13:41:46.839  INFO 1108780 --- [main] org.apache.catalina.core.ContainerBase.[Tomcat].[localhost].[/] : jolokia: No access restrictor found, access to any MBean is allowed
2018-04-11 13:41:47.070  INFO 1108780 --- [main] org.springframework.web.servlet.mvc.method.annotation.RequestMappingHandlerAdapter : Looking for @ControllerAdvice: org.springframework.boot.context.embedded.AnnotationConfigEmbeddedWebApplicationContext@670266e8: startup date [Wed Apr 11 13:41:44 CST 2018]; parent: org.springframework.context.annotation.AnnotationConfigApplicationContext@39b20206
2018-04-11 13:41:47.179  INFO 1108780 --- [main] org.springframework.web.servlet.mvc.method.annotation.RequestMappingHandlerMapping : Mapped "{[/error]}" onto public org.springframework.http.ResponseEntity<java.util.Map<java.lang.String, java.lang.Object>> org.springframework.boot.autoconfigure.web.BasicErrorController.error(javax.servlet.http.HttpServletRequest)
2018-04-11 13:41:47.181  INFO 1108780 --- [main] org.springframework.web.servlet.mvc.method.annotation.RequestMappingHandlerMapping : Mapped "{[/error],produces=[text/html]}" onto public org.springframework.web.servlet.ModelAndView org.springframework.boot.autoconfigure.web.BasicErrorController.errorHtml(javax.servlet.http.HttpServletRequest,javax.servlet.http.HttpServletResponse)
2018-04-11 13:41:47.185  INFO 1108780 --- [main] org.springframework.web.servlet.mvc.method.annotation.RequestMappingHandlerMapping : Mapped "{[/],methods=[GET]}" onto public java.lang.String org.springframework.cloud.netflix.eureka.server.EurekaController.status(javax.servlet.http.HttpServletRequest,java.util.Map<java.lang.String, java.lang.Object>)
2018-04-11 13:41:47.185  INFO 1108780 --- [main] org.springframework.web.servlet.mvc.method.annotation.RequestMappingHandlerMapping : Mapped "{[/lastn],methods=[GET]}" onto public java.lang.String org.springframework.cloud.netflix.eureka.server.EurekaController.lastn(javax.servlet.http.HttpServletRequest,java.util.Map<java.lang.String, java.lang.Object>)
2018-04-11 13:41:47.217  INFO 1108780 --- [main] org.springframework.web.servlet.handler.SimpleUrlHandlerMapping : Mapped URL path [/webjars/**] onto handler of type [class org.springframework.web.servlet.resource.ResourceHttpRequestHandler]
2018-04-11 13:41:47.217  INFO 1108780 --- [main] org.springframework.web.servlet.handler.SimpleUrlHandlerMapping : Mapped URL path [/**] onto handler of type [class org.springframework.web.servlet.resource.ResourceHttpRequestHandler]
2018-04-11 13:41:47.256  INFO 1108780 --- [main] org.springframework.web.servlet.handler.SimpleUrlHandlerMapping : Mapped URL path [/**/favicon.ico] onto handler of type [class org.springframework.web.servlet.resource.ResourceHttpRequestHandler]
2018-04-11 13:41:47.892  INFO 1108780 --- [main] org.springframework.boot.actuate.endpoint.mvc.EndpointHandlerMapping : Mapped "{[/features || /features.json],methods=[GET],produces=[application/vnd.spring-boot.actuator.v1+json || application/json]}" onto public java.lang.Object org.springframework.boot.actuate.endpoint.mvc.EndpointMvcAdapter.invoke()
2018-04-11 13:41:47.893  INFO 1108780 --- [main] org.springframework.boot.actuate.endpoint.mvc.EndpointHandlerMapping : Mapped "{[/heapdump || /heapdump.json],methods=[GET],produces=[application/octet-stream]}" onto public void org.springframework.boot.actuate.endpoint.mvc.HeapdumpMvcEndpoint.invoke(boolean,javax.servlet.http.HttpServletRequest,javax.servlet.http.HttpServletResponse) throws java.io.IOException,javax.servlet.ServletException
2018-04-11 13:41:47.894  INFO 1108780 --- [main] org.springframework.boot.actuate.endpoint.mvc.EndpointHandlerMapping : Mapped "{[/trace || /trace.json],methods=[GET],produces=[application/vnd.spring-boot.actuator.v1+json || application/json]}" onto public java.lang.Object org.springframework.boot.actuate.endpoint.mvc.EndpointMvcAdapter.invoke()
2018-04-11 13:41:47.894  INFO 1108780 --- [main] org.springframework.boot.actuate.endpoint.mvc.EndpointHandlerMapping : Mapped "{[/mappings || /mappings.json],methods=[GET],produces=[application/vnd.spring-boot.actuator.v1+json || application/json]}" onto public java.lang.Object org.springframework.boot.actuate.endpoint.mvc.EndpointMvcAdapter.invoke()
2018-04-11 13:41:47.895  INFO 1108780 --- [main] org.springframework.boot.actuate.endpoint.mvc.EndpointHandlerMapping : Mapped "{[/jolokia/**]}" onto public org.springframework.web.servlet.ModelAndView org.springframework.boot.actuate.endpoint.mvc.JolokiaMvcEndpoint.handle(javax.servlet.http.HttpServletRequest,javax.servlet.http.HttpServletResponse) throws java.lang.Exception
2018-04-11 13:41:47.896  INFO 1108780 --- [main] org.springframework.boot.actuate.endpoint.mvc.EndpointHandlerMapping : Mapped "{[/auditevents || /auditevents.json],methods=[GET],produces=[application/vnd.spring-boot.actuator.v1+json || application/json]}" onto public org.springframework.http.ResponseEntity<?> org.springframework.boot.actuate.endpoint.mvc.AuditEventsMvcEndpoint.findByPrincipalAndAfterAndType(java.lang.String,java.util.Date,java.lang.String)
2018-04-11 13:41:47.897  INFO 1108780 --- [main] org.springframework.boot.actuate.endpoint.mvc.EndpointHandlerMapping : Mapped "{[/metrics/{name:.*}],methods=[GET],produces=[application/vnd.spring-boot.actuator.v1+json || application/json]}" onto public java.lang.Object org.springframework.boot.actuate.endpoint.mvc.MetricsMvcEndpoint.value(java.lang.String)
2018-04-11 13:41:47.897  INFO 1108780 --- [main] org.springframework.boot.actuate.endpoint.mvc.EndpointHandlerMapping : Mapped "{[/metrics || /metrics.json],methods=[GET],produces=[application/vnd.spring-boot.actuator.v1+json || application/json]}" onto public java.lang.Object org.springframework.boot.actuate.endpoint.mvc.EndpointMvcAdapter.invoke()
2018-04-11 13:41:47.898  INFO 1108780 --- [main] org.springframework.boot.actuate.endpoint.mvc.EndpointHandlerMapping : Mapped "{[/env],methods=[POST]}" onto public java.lang.Object org.springframework.cloud.context.environment.EnvironmentManagerMvcEndpoint.value(java.util.Map<java.lang.String, java.lang.String>)
2018-04-11 13:41:47.898  INFO 1108780 --- [main] org.springframework.boot.actuate.endpoint.mvc.EndpointHandlerMapping : Mapped "{[/env/reset],methods=[POST]}" onto public java.util.Map<java.lang.String, java.lang.Object> org.springframework.cloud.context.environment.EnvironmentManagerMvcEndpoint.reset()
2018-04-11 13:41:47.898  INFO 1108780 --- [main] org.springframework.boot.actuate.endpoint.mvc.EndpointHandlerMapping : Mapped "{[/refresh || /refresh.json],methods=[POST]}" onto public java.lang.Object org.springframework.cloud.endpoint.GenericPostableMvcEndpoint.invoke()
2018-04-11 13:41:47.899  INFO 1108780 --- [main] org.springframework.boot.actuate.endpoint.mvc.EndpointHandlerMapping : Mapped "{[/service-registry/instance-status],methods=[GET]}" onto public org.springframework.http.ResponseEntity org.springframework.cloud.client.serviceregistry.endpoint.ServiceRegistryEndpoint.getStatus()
2018-04-11 13:41:47.899  INFO 1108780 --- [main] org.springframework.boot.actuate.endpoint.mvc.EndpointHandlerMapping : Mapped "{[/service-registry/instance-status],methods=[POST]}" onto public org.springframework.http.ResponseEntity<?> org.springframework.cloud.client.serviceregistry.endpoint.ServiceRegistryEndpoint.setStatus(java.lang.String)
2018-04-11 13:41:47.901  INFO 1108780 --- [main] org.springframework.boot.actuate.endpoint.mvc.EndpointHandlerMapping : Mapped "{[/archaius || /archaius.json],methods=[GET],produces=[application/vnd.spring-boot.actuator.v1+json || application/json]}" onto public java.lang.Object org.springframework.boot.actuate.endpoint.mvc.EndpointMvcAdapter.invoke()
2018-04-11 13:41:47.901  INFO 1108780 --- [main] org.springframework.boot.actuate.endpoint.mvc.EndpointHandlerMapping : Mapped "{[/autoconfig || /autoconfig.json],methods=[GET],produces=[application/vnd.spring-boot.actuator.v1+json || application/json]}" onto public java.lang.Object org.springframework.boot.actuate.endpoint.mvc.EndpointMvcAdapter.invoke()
2018-04-11 13:41:47.902  INFO 1108780 --- [main] org.springframework.boot.actuate.endpoint.mvc.EndpointHandlerMapping : Mapped "{[/beans || /beans.json],methods=[GET],produces=[application/vnd.spring-boot.actuator.v1+json || application/json]}" onto public java.lang.Object org.springframework.boot.actuate.endpoint.mvc.EndpointMvcAdapter.invoke()
2018-04-11 13:41:47.903  INFO 1108780 --- [main] org.springframework.boot.actuate.endpoint.mvc.EndpointHandlerMapping : Mapped "{[/info || /info.json],methods=[GET],produces=[application/vnd.spring-boot.actuator.v1+json || application/json]}" onto public java.lang.Object org.springframework.boot.actuate.endpoint.mvc.EndpointMvcAdapter.invoke()
2018-04-11 13:41:47.903  INFO 1108780 --- [main] org.springframework.boot.actuate.endpoint.mvc.EndpointHandlerMapping : Mapped "{[/dump || /dump.json],methods=[GET],produces=[application/vnd.spring-boot.actuator.v1+json || application/json]}" onto public java.lang.Object org.springframework.boot.actuate.endpoint.mvc.EndpointMvcAdapter.invoke()
2018-04-11 13:41:47.904  INFO 1108780 --- [main] org.springframework.boot.actuate.endpoint.mvc.EndpointHandlerMapping : Mapped "{[/env/{name:.*}],methods=[GET],produces=[application/vnd.spring-boot.actuator.v1+json || application/json]}" onto public java.lang.Object org.springframework.boot.actuate.endpoint.mvc.EnvironmentMvcEndpoint.value(java.lang.String)
2018-04-11 13:41:47.904  INFO 1108780 --- [main] org.springframework.boot.actuate.endpoint.mvc.EndpointHandlerMapping : Mapped "{[/env || /env.json],methods=[GET],produces=[application/vnd.spring-boot.actuator.v1+json || application/json]}" onto public java.lang.Object org.springframework.boot.actuate.endpoint.mvc.EndpointMvcAdapter.invoke()
2018-04-11 13:41:47.904  INFO 1108780 --- [main] org.springframework.boot.actuate.endpoint.mvc.EndpointHandlerMapping : Mapped "{[/configprops || /configprops.json],methods=[GET],produces=[application/vnd.spring-boot.actuator.v1+json || application/json]}" onto public java.lang.Object org.springframework.boot.actuate.endpoint.mvc.EndpointMvcAdapter.invoke()
2018-04-11 13:41:47.905  INFO 1108780 --- [main] org.springframework.boot.actuate.endpoint.mvc.EndpointHandlerMapping : Mapped "{[/loggers/{name:.*}],methods=[GET],produces=[application/vnd.spring-boot.actuator.v1+json || application/json]}" onto public java.lang.Object org.springframework.boot.actuate.endpoint.mvc.LoggersMvcEndpoint.get(java.lang.String)
2018-04-11 13:41:47.906  INFO 1108780 --- [main] org.springframework.boot.actuate.endpoint.mvc.EndpointHandlerMapping : Mapped "{[/loggers/{name:.*}],methods=[POST],consumes=[application/vnd.spring-boot.actuator.v1+json || application/json],produces=[application/vnd.spring-boot.actuator.v1+json || application/json]}" onto public java.lang.Object org.springframework.boot.actuate.endpoint.mvc.LoggersMvcEndpoint.set(java.lang.String,java.util.Map<java.lang.String, java.lang.String>)
2018-04-11 13:41:47.906  INFO 1108780 --- [main] org.springframework.boot.actuate.endpoint.mvc.EndpointHandlerMapping : Mapped "{[/loggers || /loggers.json],methods=[GET],produces=[application/vnd.spring-boot.actuator.v1+json || application/json]}" onto public java.lang.Object org.springframework.boot.actuate.endpoint.mvc.EndpointMvcAdapter.invoke()
2018-04-11 13:41:47.906  INFO 1108780 --- [main] org.springframework.boot.actuate.endpoint.mvc.EndpointHandlerMapping : Mapped "{[/health || /health.json],methods=[GET],produces=[application/vnd.spring-boot.actuator.v1+json || application/json]}" onto public java.lang.Object org.springframework.boot.actuate.endpoint.mvc.HealthMvcEndpoint.invoke(javax.servlet.http.HttpServletRequest,java.security.Principal)
2018-04-11 13:41:48.013  INFO 1108780 --- [main] org.springframework.ui.freemarker.SpringTemplateLoader : SpringTemplateLoader for FreeMarker: using resource loader [org.springframework.boot.context.embedded.AnnotationConfigEmbeddedWebApplicationContext@670266e8: startup date [Wed Apr 11 13:41:44 CST 2018]; parent: org.springframework.context.annotation.AnnotationConfigApplicationContext@39b20206] and template loader path [classpath:/templates/]
2018-04-11 13:41:48.014  INFO 1108780 --- [main] org.springframework.web.servlet.view.freemarker.FreeMarkerConfigurer : ClassTemplateLoader for Spring macros added to FreeMarker configuration
2018-04-11 13:41:48.128  INFO 1108780 --- [main] org.springframework.cloud.netflix.eureka.InstanceInfoFactory : Setting initial instance status as: STARTING
2018-04-11 13:41:48.164  INFO 1108780 --- [main] com.netflix.discovery.DiscoveryClient : Initializing Eureka in region us-east-1
2018-04-11 13:41:48.165  INFO 1108780 --- [main] com.netflix.discovery.DiscoveryClient : Client configured to neither register nor query for data.
2018-04-11 13:41:48.174  INFO 1108780 --- [main] com.netflix.discovery.DiscoveryClient : Discovery Client initialized at timestamp 1523425308173 with initial instances count: 0
2018-04-11 13:41:48.221  INFO 1108780 --- [main] com.netflix.eureka.DefaultEurekaServerContext : Initializing ...
2018-04-11 13:41:48.223  WARN 1108780 --- [main] com.netflix.eureka.cluster.PeerEurekaNodes : The replica size seems to be empty. Check the route 53 DNS Registry
2018-04-11 13:41:48.234  INFO 1108780 --- [main] com.netflix.eureka.registry.AbstractInstanceRegistry : Finished initializing remote region registries. All known remote regions: []
2018-04-11 13:41:48.234  INFO 1108780 --- [main] com.netflix.eureka.DefaultEurekaServerContext : Initialized
2018-04-11 13:41:48.307  INFO 1108780 --- [main] org.springframework.jmx.export.annotation.AnnotationMBeanExporter : Registering beans for JMX exposure on startup
2018-04-11 13:41:48.315  INFO 1108780 --- [main] org.springframework.jmx.export.annotation.AnnotationMBeanExporter : Bean with name 'environmentManager' has been autodetected for JMX exposure
2018-04-11 13:41:48.317  INFO 1108780 --- [main] org.springframework.jmx.export.annotation.AnnotationMBeanExporter : Bean with name 'configurationPropertiesRebinder' has been autodetected for JMX exposure
2018-04-11 13:41:48.318  INFO 1108780 --- [main] org.springframework.jmx.export.annotation.AnnotationMBeanExporter : Bean with name 'refreshEndpoint' has been autodetected for JMX exposure
2018-04-11 13:41:48.319  INFO 1108780 --- [main] org.springframework.jmx.export.annotation.AnnotationMBeanExporter : Bean with name 'serviceRegistryEndpoint' has been autodetected for JMX exposure
2018-04-11 13:41:48.320  INFO 1108780 --- [main] org.springframework.jmx.export.annotation.AnnotationMBeanExporter : Bean with name 'refreshScope' has been autodetected for JMX exposure
2018-04-11 13:41:48.322  INFO 1108780 --- [main] org.springframework.jmx.export.annotation.AnnotationMBeanExporter : Located managed bean 'environmentManager': registering with JMX server as MBean [org.springframework.cloud.context.environment:name=environmentManager,type=EnvironmentManager]
2018-04-11 13:41:48.334  INFO 1108780 --- [main] org.springframework.jmx.export.annotation.AnnotationMBeanExporter : Located managed bean 'serviceRegistryEndpoint': registering with JMX server as MBean [org.springframework.cloud.client.serviceregistry.endpoint:name=serviceRegistryEndpoint,type=ServiceRegistryEndpoint]
2018-04-11 13:41:48.339  INFO 1108780 --- [main] org.springframework.jmx.export.annotation.AnnotationMBeanExporter : Located managed bean 'refreshScope': registering with JMX server as MBean [org.springframework.cloud.context.scope.refresh:name=refreshScope,type=RefreshScope]
2018-04-11 13:41:48.346  INFO 1108780 --- [main] org.springframework.jmx.export.annotation.AnnotationMBeanExporter : Located managed bean 'configurationPropertiesRebinder': registering with JMX server as MBean [org.springframework.cloud.context.properties:name=configurationPropertiesRebinder,context=670266e8,type=ConfigurationPropertiesRebinder]
2018-04-11 13:41:48.353  INFO 1108780 --- [main] org.springframework.jmx.export.annotation.AnnotationMBeanExporter : Located managed bean 'refreshEndpoint': registering with JMX server as MBean [org.springframework.cloud.endpoint:name=refreshEndpoint,type=RefreshEndpoint]
2018-04-11 13:41:48.538  INFO 1108780 --- [main] org.apache.catalina.core.ContainerBase.[Tomcat].[localhost].[/] : jolokia: No access restrictor found, access to any MBean is allowed
2018-04-11 13:41:48.542  INFO 1108780 --- [main] org.apache.catalina.core.ContainerBase.[Tomcat].[localhost].[/] : jolokia: jolokia:type=Config is already registered. Adding it with jolokia:type=Config,uuid=059f826d-205e-4d85-9482-223489c8f3c8, but you should revise your setup in order to either use a qualifier or ensure, that only a single agent gets registered (otherwise history functionality might not work)
2018-04-11 13:41:48.542  INFO 1108780 --- [main] org.apache.catalina.core.ContainerBase.[Tomcat].[localhost].[/] : jolokia: Cannot register (legacy) MBean handler for config store with name jmx4perl:type=Config since it already exists. This is the case if another agent has been already started within the same JVM. The registration is skipped.
2018-04-11 13:41:48.543  INFO 1108780 --- [main] org.apache.catalina.core.ContainerBase.[Tomcat].[localhost].[/] : jolokia: Jolokia Discovery MBean registration is skipped because there is already one registered.
2018-04-11 13:41:48.577  INFO 1108780 --- [main] org.springframework.context.support.DefaultLifecycleProcessor : Starting beans in phase 0
2018-04-11 13:41:48.578  INFO 1108780 --- [main] org.springframework.cloud.netflix.eureka.serviceregistry.EurekaServiceRegistry : Registering application finscfw-eureka with eureka with status UP
2018-04-11 13:41:48.607  INFO 1108780 --- [Thread-11] org.springframework.cloud.netflix.eureka.server.EurekaServerBootstrap : Setting the eureka configuration..
2018-04-11 13:41:48.608  INFO 1108780 --- [Thread-11] org.springframework.cloud.netflix.eureka.server.EurekaServerBootstrap : Eureka data center value eureka.datacenter is not set, defaulting to default
2018-04-11 13:41:48.608  INFO 1108780 --- [Thread-11] org.springframework.cloud.netflix.eureka.server.EurekaServerBootstrap : Eureka environment value eureka.environment is not set, defaulting to test
2018-04-11 13:41:48.618  INFO 1108780 --- [Thread-11] org.springframework.cloud.netflix.eureka.server.EurekaServerBootstrap : isAws returned false
2018-04-11 13:41:48.619  INFO 1108780 --- [Thread-11] org.springframework.cloud.netflix.eureka.server.EurekaServerBootstrap : Initialized server context
2018-04-11 13:41:48.619  INFO 1108780 --- [Thread-11] com.netflix.eureka.registry.PeerAwareInstanceRegistryImpl : Got 1 instances from neighboring DS node
2018-04-11 13:41:48.619  INFO 1108780 --- [Thread-11] com.netflix.eureka.registry.PeerAwareInstanceRegistryImpl : Renew threshold is: 1
2018-04-11 13:41:48.619  INFO 1108780 --- [Thread-11] com.netflix.eureka.registry.PeerAwareInstanceRegistryImpl : Changing status to UP
2018-04-11 13:41:48.625  INFO 1108780 --- [Thread-11] org.springframework.cloud.netflix.eureka.server.EurekaServerInitializerConfiguration : Started Eureka Server
2018-04-11 13:41:48.684  INFO 1108780 --- [main] org.springframework.boot.context.embedded.tomcat.TomcatEmbeddedServletContainer : Tomcat started on port(s): 50105 (http)
2018-04-11 13:41:48.684  INFO 1108780 --- [main] org.springframework.cloud.netflix.eureka.serviceregistry.EurekaAutoServiceRegistration : Updating port to 50105
2018-04-11 13:41:48.688  INFO 1108780 --- [main] com.yqjr.fin.scfw.eureka.Application : Started Application in 5.977 seconds (JVM running for 10.427)
2018-04-11 13:41:51.620  INFO 1108780 --- [Eureka-EvictionTimer] com.netflix.eureka.registry.AbstractInstanceRegistry : Running the evict task with compensationTime 0ms
2018-04-11 13:41:54.620  INFO 1108780 --- [Eureka-EvictionTimer] com.netflix.eureka.registry.AbstractInstanceRegistry : Running the evict task with compensationTime 2ms
2018-04-11 13:41:57.620  INFO 1108780 --- [Eureka-EvictionTimer] com.netflix.eureka.registry.AbstractInstanceRegistry : Running the evict task with compensationTime 1ms
2018-04-11 13:42:00.620  INFO 1108780 --- [Eureka-EvictionTimer] com.netflix.eureka.registry.AbstractInstanceRegistry : Running the evict task with compensationTime 1ms
2018-04-11 13:42:03.620  INFO 1108780 --- [Eureka-EvictionTimer] com.netflix.eureka.registry.AbstractInstanceRegistry : Running the evict task with compensationTime 1ms
2018-04-11 13:42:05.439  INFO 1108780 --- [http-nio-50105-exec-1] org.apache.catalina.core.ContainerBase.[Tomcat].[localhost].[/] : Initializing Spring FrameworkServlet 'dispatcherServlet'
2018-04-11 13:42:05.439  INFO 1108780 --- [http-nio-50105-exec-1] org.springframework.web.servlet.DispatcherServlet : FrameworkServlet 'dispatcherServlet': initialization started
2018-04-11 13:42:05.453  INFO 1108780 --- [http-nio-50105-exec-1] org.springframework.web.servlet.DispatcherServlet : FrameworkServlet 'dispatcherServlet': initialization completed in 13 ms
2018-04-11 13:42:06.620  INFO 1108780 --- [Eureka-EvictionTimer] com.netflix.eureka.registry.AbstractInstanceRegistry : Running the evict task with compensationTime 1ms
2018-04-11 13:42:09.620  INFO 1108780 --- [Eureka-EvictionTimer] com.netflix.eureka.registry.AbstractInstanceRegistry : Running the evict task with compensationTime 2ms
2018-04-11 13:42:12.620  INFO 1108780 --- [Eureka-EvictionTimer] com.netflix.eureka.registry.AbstractInstanceRegistry : Running the evict task with compensationTime 1ms
2018-04-11 13:42:15.620  INFO 1108780 --- [Eureka-EvictionTimer] com.netflix.eureka.registry.AbstractInstanceRegistry : Running the evict task with compensationTime 1ms
2018-04-11 13:42:18.620  INFO 1108780 --- [Eureka-EvictionTimer] com.netflix.eureka.registry.AbstractInstanceRegistry : Running the evict task with compensationTime 1ms
2018-04-11 13:42:21.620  INFO 1108780 --- [Eureka-EvictionTimer] com.netflix.eureka.registry.AbstractInstanceRegistry : Running the evict task with compensationTime 1ms
2018-04-11 13:42:24.620  INFO 1108780 --- [Eureka-EvictionTimer] com.netflix.eureka.registry.AbstractInstanceRegistry : Running the evict task with compensationTime 2ms
2018-04-11 13:42:27.620  INFO 1108780 --- [Eureka-EvictionTimer] com.netflix.eureka.registry.AbstractInstanceRegistry : Running the evict task with compensationTime 1ms
2018-04-11 13:42:30.620  INFO 1108780 --- [Eureka-EvictionTimer] com.netflix.eureka.registry.AbstractInstanceRegistry : Running the evict task with compensationTime 1ms
2018-04-11 13:42:33.620  INFO 1108780 --- [Eureka-EvictionTimer] com.netflix.eureka.registry.AbstractInstanceRegistry : Running the evict task with compensationTime 1ms
2018-04-11 13:42:36.620  INFO 1108780 --- [Eureka-EvictionTimer] com.netflix.eureka.registry.AbstractInstanceRegistry : Running the evict task with compensationTime 1ms
2018-04-11 13:42:39.620  INFO 1108780 --- [Eureka-EvictionTimer] com.netflix.eureka.registry.AbstractInstanceRegistry : Running the evict task with compensationTime 2ms
2018-04-11 13:42:42.620  INFO 1108780 --- [Eureka-EvictionTimer] com.netflix.eureka.registry.AbstractInstanceRegistry : Running the evict task with compensationTime 1ms
2018-04-11 13:42:45.620  INFO 1108780 --- [Eureka-EvictionTimer] com.netflix.eureka.registry.AbstractInstanceRegistry : Running the evict task with compensationTime 1ms
2018-04-11 13:42:48.620  INFO 1108780 --- [Eureka-EvictionTimer] com.netflix.eureka.registry.AbstractInstanceRegistry : Running the evict task with compensationTime 1ms
2018-04-11 13:42:51.620  INFO 1108780 --- [Eureka-EvictionTimer] com.netflix.eureka.registry.AbstractInstanceRegistry : Running the evict task with compensationTime 1ms
2018-04-11 13:42:54.620  INFO 1108780 --- [Eureka-EvictionTimer] com.netflix.eureka.registry.AbstractInstanceRegistry : Running the evict task with compensationTime 2ms
2018-04-11 13:42:57.620  INFO 1108780 --- [Eureka-EvictionTimer] com.netflix.eureka.registry.AbstractInstanceRegistry : Running the evict task with compensationTime 1ms
2018-04-11 13:43:00.620  INFO 1108780 --- [Eureka-EvictionTimer] com.netflix.eureka.registry.AbstractInstanceRegistry : Running the evict task with compensationTime 1ms
2018-04-11 13:43:03.620  INFO 1108780 --- [Eureka-EvictionTimer] com.netflix.eureka.registry.AbstractInstanceRegistry : Running the evict task with compensationTime 1ms
2018-04-11 13:43:06.620  INFO 1108780 --- [Eureka-EvictionTimer] com.netflix.eureka.registry.AbstractInstanceRegistry : Running the evict task with compensationTime 1ms
2018-04-11 13:43:09.620  INFO 1108780 --- [Eureka-EvictionTimer] com.netflix.eureka.registry.AbstractInstanceRegistry : Running the evict task with compensationTime 2ms
2018-04-11 13:43:12.620  INFO 1108780 --- [Eureka-EvictionTimer] com.netflix.eureka.registry.AbstractInstanceRegistry : Running the evict task with compensationTime 1ms
2018-04-11 13:43:15.620  INFO 1108780 --- [Eureka-EvictionTimer] com.netflix.eureka.registry.AbstractInstanceRegistry : Running the evict task with compensationTime 1ms
2018-04-11 13:43:18.620  INFO 1108780 --- [Eureka-EvictionTimer] com.netflix.eureka.registry.AbstractInstanceRegistry : Running the evict task with compensationTime 1ms
2018-04-11 13:43:21.620  INFO 1108780 --- [Eureka-EvictionTimer] com.netflix.eureka.registry.AbstractInstanceRegistry : Running the evict task with compensationTime 1ms
2018-04-11 13:43:24.620  INFO 1108780 --- [Eureka-EvictionTimer] com.netflix.eureka.registry.AbstractInstanceRegistry : Running the evict task with compensationTime 2ms
2018-04-11 13:43:27.620  INFO 1108780 --- [Eureka-EvictionTimer] com.netflix.eureka.registry.AbstractInstanceRegistry : Running the evict task with compensationTime 0ms
2018-04-11 13:43:30.620  INFO 1108780 --- [Eureka-EvictionTimer] com.netflix.eureka.registry.AbstractInstanceRegistry : Running the evict task with compensationTime 1ms
2018-04-11 13:43:33.620  INFO 1108780 --- [Eureka-EvictionTimer] com.netflix.eureka.registry.AbstractInstanceRegistry : Running the evict task with compensationTime 1ms
2018-04-11 13:43:36.620  INFO 1108780 --- [Eureka-EvictionTimer] com.netflix.eureka.registry.AbstractInstanceRegistry : Running the evict task with compensationTime 1ms
2018-04-11 13:43:39.620  INFO 1108780 --- [Eureka-EvictionTimer] com.netflix.eureka.registry.AbstractInstanceRegistry : Running the evict task with compensationTime 2ms
2018-04-11 13:43:42.620  INFO 1108780 --- [Eureka-EvictionTimer] com.netflix.eureka.registry.AbstractInstanceRegistry : Running the evict task with compensationTime 1ms
2018-04-11 13:43:45.620  INFO 1108780 --- [Eureka-EvictionTimer] com.netflix.eureka.registry.AbstractInstanceRegistry : Running the evict task with compensationTime 1ms
2018-04-11 13:43:48.620  INFO 1108780 --- [Eureka-EvictionTimer] com.netflix.eureka.registry.AbstractInstanceRegistry : Running the evict task with compensationTime 1ms
2018-04-11 13:43:51.620  INFO 1108780 --- [Eureka-EvictionTimer] com.netflix.eureka.registry.AbstractInstanceRegistry : Running the evict task with compensationTime 1ms
2018-04-11 13:43:54.620  INFO 1108780 --- [Eureka-EvictionTimer] com.netflix.eureka.registry.AbstractInstanceRegistry : Running the evict task with compensationTime 1ms
2018-04-11 13:43:57.620  INFO 1108780 --- [Eureka-EvictionTimer] com.netflix.eureka.registry.AbstractInstanceRegistry : Running the evict task with compensationTime 1ms
2018-04-11 13:44:00.620  INFO 1108780 --- [Eureka-EvictionTimer] com.netflix.eureka.registry.AbstractInstanceRegistry : Running the evict task with compensationTime 1ms
2018-04-11 13:44:03.620  INFO 1108780 --- [Eureka-EvictionTimer] com.netflix.eureka.registry.AbstractInstanceRegistry : Running the evict task with compensationTime 1ms
2018-04-11 13:44:06.620  INFO 1108780 --- [Eureka-EvictionTimer] com.netflix.eureka.registry.AbstractInstanceRegistry : Running the evict task with compensationTime 1ms
2018-04-11 13:44:09.620  INFO 1108780 --- [Eureka-EvictionTimer] com.netflix.eureka.registry.AbstractInstanceRegistry : Running the evict task with compensationTime 2ms
2018-04-11 13:44:12.620  INFO 1108780 --- [Eureka-EvictionTimer] com.netflix.eureka.registry.AbstractInstanceRegistry : Running the evict task with compensationTime 1ms
2018-04-11 13:44:15.620  INFO 1108780 --- [Eureka-EvictionTimer] com.netflix.eureka.registry.AbstractInstanceRegistry : Running the evict task with compensationTime 1ms
2018-04-11 13:44:18.620  INFO 1108780 --- [Eureka-EvictionTimer] com.netflix.eureka.registry.AbstractInstanceRegistry : Running the evict task with compensationTime 1ms
2018-04-11 13:44:21.620  INFO 1108780 --- [Eureka-EvictionTimer] com.netflix.eureka.registry.AbstractInstanceRegistry : Running the evict task with compensationTime 1ms
2018-04-11 13:44:24.620  INFO 1108780 --- [Eureka-EvictionTimer] com.netflix.eureka.registry.AbstractInstanceRegistry : Running the evict task with compensationTime 2ms
2018-04-11 13:44:27.620  INFO 1108780 --- [Eureka-EvictionTimer] com.netflix.eureka.registry.AbstractInstanceRegistry : Running the evict task with compensationTime 1ms
2018-04-11 13:44:30.620  INFO 1108780 --- [Eureka-EvictionTimer] com.netflix.eureka.registry.AbstractInstanceRegistry : Running the evict task with compensationTime 1ms
2018-04-11 13:44:33.620  INFO 1108780 --- [Eureka-EvictionTimer] com.netflix.eureka.registry.AbstractInstanceRegistry : Running the evict task with compensationTime 1ms
